{"meta": {"format": 3, "version": "7.8.2", "timestamp": "2025-06-01T11:35:24.175382", "branch_coverage": true, "show_contexts": false}, "files": {"src/__init__.py": {"executed_lines": [], "summary": {"covered_lines": 0, "num_statements": 0, "percent_covered": 100.0, "percent_covered_display": "100.00", "missing_lines": 0, "excluded_lines": 0, "num_branches": 0, "num_partial_branches": 0, "covered_branches": 0, "missing_branches": 0}, "missing_lines": [], "excluded_lines": [], "executed_branches": [], "missing_branches": [], "functions": {"": {"executed_lines": [], "summary": {"covered_lines": 0, "num_statements": 0, "percent_covered": 100.0, "percent_covered_display": "100.00", "missing_lines": 0, "excluded_lines": 0, "num_branches": 0, "num_partial_branches": 0, "covered_branches": 0, "missing_branches": 0}, "missing_lines": [], "excluded_lines": [], "executed_branches": [], "missing_branches": []}}, "classes": {"": {"executed_lines": [], "summary": {"covered_lines": 0, "num_statements": 0, "percent_covered": 100.0, "percent_covered_display": "100.00", "missing_lines": 0, "excluded_lines": 0, "num_branches": 0, "num_partial_branches": 0, "covered_branches": 0, "missing_branches": 0}, "missing_lines": [], "excluded_lines": [], "executed_branches": [], "missing_branches": []}}}, "src/config/__init__.py": {"executed_lines": [], "summary": {"covered_lines": 0, "num_statements": 0, "percent_covered": 100.0, "percent_covered_display": "100.00", "missing_lines": 0, "excluded_lines": 0, "num_branches": 0, "num_partial_branches": 0, "covered_branches": 0, "missing_branches": 0}, "missing_lines": [], "excluded_lines": [], "executed_branches": [], "missing_branches": [], "functions": {"": {"executed_lines": [], "summary": {"covered_lines": 0, "num_statements": 0, "percent_covered": 100.0, "percent_covered_display": "100.00", "missing_lines": 0, "excluded_lines": 0, "num_branches": 0, "num_partial_branches": 0, "covered_branches": 0, "missing_branches": 0}, "missing_lines": [], "excluded_lines": [], "executed_branches": [], "missing_branches": []}}, "classes": {"": {"executed_lines": [], "summary": {"covered_lines": 0, "num_statements": 0, "percent_covered": 100.0, "percent_covered_display": "100.00", "missing_lines": 0, "excluded_lines": 0, "num_branches": 0, "num_partial_branches": 0, "covered_branches": 0, "missing_branches": 0}, "missing_lines": [], "excluded_lines": [], "executed_branches": [], "missing_branches": []}}}, "src/config/settings.py": {"executed_lines": [1, 2, 3, 4, 5, 6, 9, 10, 11, 12, 13, 14, 15, 16, 17, 18, 19, 20, 23, 24, 25, 26, 27, 28, 29, 30, 31, 32, 33, 34, 35, 38, 39, 40, 41, 42, 43, 44, 45, 46, 49, 50, 51, 52, 53, 54, 62, 63, 64, 65, 66, 67, 68, 71, 72, 73, 75, 76, 77, 80, 83, 86, 89, 90, 91, 92, 93, 94, 95, 96, 97, 100, 107, 108, 110, 111, 112, 113, 116, 118, 121, 122, 130, 131, 133, 134, 135, 137, 139, 140, 141, 142, 143, 144, 146, 147, 148, 149, 151, 152, 153, 154, 156, 158, 159, 160, 161, 162, 164, 165, 167, 169, 172, 173, 174, 177, 178, 179, 182, 183, 184, 187, 188, 189, 192, 193, 194, 197, 198, 199, 202, 203, 206, 208, 210, 212, 261, 264, 268, 272, 276, 282, 288, 294, 324, 339, 343, 352], "summary": {"covered_lines": 134, "num_statements": 168, "percent_covered": 78.57142857142857, "percent_covered_display": "78.57", "missing_lines": 34, "excluded_lines": 14, "num_branches": 28, "num_partial_branches": 6, "covered_branches": 20, "missing_branches": 8}, "missing_lines": [123, 124, 125, 127, 265, 269, 273, 277, 278, 279, 284, 285, 286, 290, 291, 292, 296, 299, 301, 304, 305, 312, 313, 314, 326, 328, 329, 330, 331, 332, 341, 345, 346, 347], "excluded_lines": [126, 128, 143, 146, 152, 153, 162, 165, 280, 322, 333, 335, 337, 348], "executed_branches": [[122, -118], [133, 134], [133, 135], [172, 173], [177, 178], [177, 182], [182, 183], [182, 187], [187, 188], [187, 192], [192, 193], [192, 197], [197, 198], [197, 202], [202, 203], [202, 206], [264, 268], [268, 272], [272, 276], [276, -261]], "missing_branches": [[122, 123], [172, 177], [264, 265], [268, 269], [272, 273], [276, 277], [304, 305], [304, 312]], "functions": {"SettingsManager.__init__": {"executed_lines": [111, 112, 113, 116], "summary": {"covered_lines": 4, "num_statements": 4, "percent_covered": 100.0, "percent_covered_display": "100.00", "missing_lines": 0, "excluded_lines": 0, "num_branches": 0, "num_partial_branches": 0, "covered_branches": 0, "missing_branches": 0}, "missing_lines": [], "excluded_lines": [], "executed_branches": [], "missing_branches": []}, "SettingsManager._load_env_variables": {"executed_lines": [121, 122], "summary": {"covered_lines": 2, "num_statements": 6, "percent_covered": 37.5, "percent_covered_display": "37.50", "missing_lines": 4, "excluded_lines": 2, "num_branches": 2, "num_partial_branches": 1, "covered_branches": 1, "missing_branches": 1}, "missing_lines": [123, 124, 125, 127], "excluded_lines": [126, 128], "executed_branches": [[122, -118]], "missing_branches": [[122, 123]]}, "SettingsManager.settings": {"executed_lines": [133, 134, 135], "summary": {"covered_lines": 3, "num_statements": 3, "percent_covered": 100.0, "percent_covered_display": "100.00", "missing_lines": 0, "excluded_lines": 0, "num_branches": 2, "num_partial_branches": 0, "covered_branches": 2, "missing_branches": 0}, "missing_lines": [], "excluded_lines": [], "executed_branches": [[133, 134], [133, 135]], "missing_branches": []}, "SettingsManager.load_settings": {"executed_lines": [139, 140, 141, 142, 143, 144, 146, 147, 148, 149, 151, 152, 153, 154], "summary": {"covered_lines": 10, "num_statements": 10, "percent_covered": 100.0, "percent_covered_display": "100.00", "missing_lines": 0, "excluded_lines": 4, "num_branches": 0, "num_partial_branches": 0, "covered_branches": 0, "missing_branches": 0}, "missing_lines": [], "excluded_lines": [143, 146, 152, 153], "executed_branches": [], "missing_branches": []}, "SettingsManager.save_settings": {"executed_lines": [158, 159, 160, 161, 162, 164, 165], "summary": {"covered_lines": 5, "num_statements": 5, "percent_covered": 100.0, "percent_covered_display": "100.00", "missing_lines": 0, "excluded_lines": 2, "num_branches": 0, "num_partial_branches": 0, "covered_branches": 0, "missing_branches": 0}, "missing_lines": [], "excluded_lines": [162, 165], "executed_branches": [], "missing_branches": []}, "SettingsManager._dict_to_settings": {"executed_lines": [169, 172, 173, 174, 177, 178, 179, 182, 183, 184, 187, 188, 189, 192, 193, 194, 197, 198, 199, 202, 203, 206, 208], "summary": {"covered_lines": 23, "num_statements": 23, "percent_covered": 97.29729729729729, "percent_covered_display": "97.30", "missing_lines": 0, "excluded_lines": 0, "num_branches": 14, "num_partial_branches": 1, "covered_branches": 13, "missing_branches": 1}, "missing_lines": [], "excluded_lines": [], "executed_branches": [[172, 173], [177, 178], [177, 182], [182, 183], [182, 187], [187, 188], [187, 192], [192, 193], [192, 197], [197, 198], [197, 202], [202, 203], [202, 206]], "missing_branches": [[172, 177]]}, "SettingsManager._settings_to_dict": {"executed_lines": [212], "summary": {"covered_lines": 1, "num_statements": 1, "percent_covered": 100.0, "percent_covered_display": "100.00", "missing_lines": 0, "excluded_lines": 0, "num_branches": 0, "num_partial_branches": 0, "covered_branches": 0, "missing_branches": 0}, "missing_lines": [], "excluded_lines": [], "executed_branches": [], "missing_branches": []}, "SettingsManager._apply_env_overrides": {"executed_lines": [264, 268, 272, 276], "summary": {"covered_lines": 4, "num_statements": 10, "percent_covered": 44.44444444444444, "percent_covered_display": "44.44", "missing_lines": 6, "excluded_lines": 1, "num_branches": 8, "num_partial_branches": 4, "covered_branches": 4, "missing_branches": 4}, "missing_lines": [265, 269, 273, 277, 278, 279], "excluded_lines": [280], "executed_branches": [[264, 268], [268, 272], [272, 276], [276, -261]], "missing_branches": [[264, 265], [268, 269], [272, 273], [276, 277]]}, "SettingsManager.get_cache_dir": {"executed_lines": [], "summary": {"covered_lines": 0, "num_statements": 3, "percent_covered": 0.0, "percent_covered_display": "0.00", "missing_lines": 3, "excluded_lines": 0, "num_branches": 0, "num_partial_branches": 0, "covered_branches": 0, "missing_branches": 0}, "missing_lines": [284, 285, 286], "excluded_lines": [], "executed_branches": [], "missing_branches": []}, "SettingsManager.get_log_dir": {"executed_lines": [], "summary": {"covered_lines": 0, "num_statements": 3, "percent_covered": 0.0, "percent_covered_display": "0.00", "missing_lines": 3, "excluded_lines": 0, "num_branches": 0, "num_partial_branches": 0, "covered_branches": 0, "missing_branches": 0}, "missing_lines": [290, 291, 292], "excluded_lines": [], "executed_branches": [], "missing_branches": []}, "SettingsManager.setup_logging": {"executed_lines": [], "summary": {"covered_lines": 0, "num_statements": 8, "percent_covered": 0.0, "percent_covered_display": "0.00", "missing_lines": 8, "excluded_lines": 1, "num_branches": 2, "num_partial_branches": 0, "covered_branches": 0, "missing_branches": 2}, "missing_lines": [296, 299, 301, 304, 305, 312, 313, 314], "excluded_lines": [322], "executed_branches": [], "missing_branches": [[304, 305], [304, 312]]}, "SettingsManager.update_setting": {"executed_lines": [], "summary": {"covered_lines": 0, "num_statements": 6, "percent_covered": 0.0, "percent_covered_display": "0.00", "missing_lines": 6, "excluded_lines": 3, "num_branches": 0, "num_partial_branches": 0, "covered_branches": 0, "missing_branches": 0}, "missing_lines": [326, 328, 329, 330, 331, 332], "excluded_lines": [333, 335, 337], "executed_branches": [], "missing_branches": []}, "SettingsManager.get_watchlist": {"executed_lines": [], "summary": {"covered_lines": 0, "num_statements": 1, "percent_covered": 0.0, "percent_covered_display": "0.00", "missing_lines": 1, "excluded_lines": 0, "num_branches": 0, "num_partial_branches": 0, "covered_branches": 0, "missing_branches": 0}, "missing_lines": [341], "excluded_lines": [], "executed_branches": [], "missing_branches": []}, "SettingsManager.add_watchlist": {"executed_lines": [], "summary": {"covered_lines": 0, "num_statements": 3, "percent_covered": 0.0, "percent_covered_display": "0.00", "missing_lines": 3, "excluded_lines": 1, "num_branches": 0, "num_partial_branches": 0, "covered_branches": 0, "missing_branches": 0}, "missing_lines": [345, 346, 347], "excluded_lines": [348], "executed_branches": [], "missing_branches": []}, "": {"executed_lines": [1, 2, 3, 4, 5, 6, 9, 10, 11, 12, 13, 14, 15, 16, 17, 18, 19, 20, 23, 24, 25, 26, 27, 28, 29, 30, 31, 32, 33, 34, 35, 38, 39, 40, 41, 42, 43, 44, 45, 46, 49, 50, 51, 52, 53, 54, 62, 63, 64, 65, 66, 67, 68, 71, 72, 73, 75, 76, 77, 80, 83, 86, 89, 90, 91, 92, 93, 94, 95, 96, 97, 100, 107, 108, 110, 118, 130, 131, 137, 156, 167, 210, 261, 282, 288, 294, 324, 339, 343, 352], "summary": {"covered_lines": 82, "num_statements": 82, "percent_covered": 100.0, "percent_covered_display": "100.00", "missing_lines": 0, "excluded_lines": 0, "num_branches": 0, "num_partial_branches": 0, "covered_branches": 0, "missing_branches": 0}, "missing_lines": [], "excluded_lines": [], "executed_branches": [], "missing_branches": []}}, "classes": {"DataCollectorConfig": {"executed_lines": [], "summary": {"covered_lines": 0, "num_statements": 0, "percent_covered": 100.0, "percent_covered_display": "100.00", "missing_lines": 0, "excluded_lines": 0, "num_branches": 0, "num_partial_branches": 0, "covered_branches": 0, "missing_branches": 0}, "missing_lines": [], "excluded_lines": [], "executed_branches": [], "missing_branches": []}, "DatabaseConfig": {"executed_lines": [], "summary": {"covered_lines": 0, "num_statements": 0, "percent_covered": 100.0, "percent_covered_display": "100.00", "missing_lines": 0, "excluded_lines": 0, "num_branches": 0, "num_partial_branches": 0, "covered_branches": 0, "missing_branches": 0}, "missing_lines": [], "excluded_lines": [], "executed_branches": [], "missing_branches": []}, "LoggingConfig": {"executed_lines": [], "summary": {"covered_lines": 0, "num_statements": 0, "percent_covered": 100.0, "percent_covered_display": "100.00", "missing_lines": 0, "excluded_lines": 0, "num_branches": 0, "num_partial_branches": 0, "covered_branches": 0, "missing_branches": 0}, "missing_lines": [], "excluded_lines": [], "executed_branches": [], "missing_branches": []}, "SchedulerConfig": {"executed_lines": [], "summary": {"covered_lines": 0, "num_statements": 0, "percent_covered": 100.0, "percent_covered_display": "100.00", "missing_lines": 0, "excluded_lines": 0, "num_branches": 0, "num_partial_branches": 0, "covered_branches": 0, "missing_branches": 0}, "missing_lines": [], "excluded_lines": [], "executed_branches": [], "missing_branches": []}, "APIConfig": {"executed_lines": [], "summary": {"covered_lines": 0, "num_statements": 0, "percent_covered": 100.0, "percent_covered_display": "100.00", "missing_lines": 0, "excluded_lines": 0, "num_branches": 0, "num_partial_branches": 0, "covered_branches": 0, "missing_branches": 0}, "missing_lines": [], "excluded_lines": [], "executed_branches": [], "missing_branches": []}, "TaxCalculatorConfig": {"executed_lines": [], "summary": {"covered_lines": 0, "num_statements": 0, "percent_covered": 100.0, "percent_covered_display": "100.00", "missing_lines": 0, "excluded_lines": 0, "num_branches": 0, "num_partial_branches": 0, "covered_branches": 0, "missing_branches": 0}, "missing_lines": [], "excluded_lines": [], "executed_branches": [], "missing_branches": []}, "AppSettings": {"executed_lines": [], "summary": {"covered_lines": 0, "num_statements": 0, "percent_covered": 100.0, "percent_covered_display": "100.00", "missing_lines": 0, "excluded_lines": 0, "num_branches": 0, "num_partial_branches": 0, "covered_branches": 0, "missing_branches": 0}, "missing_lines": [], "excluded_lines": [], "executed_branches": [], "missing_branches": []}, "SettingsManager": {"executed_lines": [111, 112, 113, 116, 121, 122, 133, 134, 135, 139, 140, 141, 142, 143, 144, 146, 147, 148, 149, 151, 152, 153, 154, 158, 159, 160, 161, 162, 164, 165, 169, 172, 173, 174, 177, 178, 179, 182, 183, 184, 187, 188, 189, 192, 193, 194, 197, 198, 199, 202, 203, 206, 208, 212, 264, 268, 272, 276], "summary": {"covered_lines": 52, "num_statements": 86, "percent_covered": 63.1578947368421, "percent_covered_display": "63.16", "missing_lines": 34, "excluded_lines": 14, "num_branches": 28, "num_partial_branches": 6, "covered_branches": 20, "missing_branches": 8}, "missing_lines": [123, 124, 125, 127, 265, 269, 273, 277, 278, 279, 284, 285, 286, 290, 291, 292, 296, 299, 301, 304, 305, 312, 313, 314, 326, 328, 329, 330, 331, 332, 341, 345, 346, 347], "excluded_lines": [126, 128, 143, 146, 152, 153, 162, 165, 280, 322, 333, 335, 337, 348], "executed_branches": [[122, -118], [133, 134], [133, 135], [172, 173], [177, 178], [177, 182], [182, 183], [182, 187], [187, 188], [187, 192], [192, 193], [192, 197], [197, 198], [197, 202], [202, 203], [202, 206], [264, 268], [268, 272], [272, 276], [276, -261]], "missing_branches": [[122, 123], [172, 177], [264, 265], [268, 269], [272, 273], [276, 277], [304, 305], [304, 312]]}, "": {"executed_lines": [1, 2, 3, 4, 5, 6, 9, 10, 11, 12, 13, 14, 15, 16, 17, 18, 19, 20, 23, 24, 25, 26, 27, 28, 29, 30, 31, 32, 33, 34, 35, 38, 39, 40, 41, 42, 43, 44, 45, 46, 49, 50, 51, 52, 53, 54, 62, 63, 64, 65, 66, 67, 68, 71, 72, 73, 75, 76, 77, 80, 83, 86, 89, 90, 91, 92, 93, 94, 95, 96, 97, 100, 107, 108, 110, 118, 130, 131, 137, 156, 167, 210, 261, 282, 288, 294, 324, 339, 343, 352], "summary": {"covered_lines": 82, "num_statements": 82, "percent_covered": 100.0, "percent_covered_display": "100.00", "missing_lines": 0, "excluded_lines": 0, "num_branches": 0, "num_partial_branches": 0, "covered_branches": 0, "missing_branches": 0}, "missing_lines": [], "excluded_lines": [], "executed_branches": [], "missing_branches": []}}}, "src/data_collector/__init__.py": {"executed_lines": [], "summary": {"covered_lines": 0, "num_statements": 0, "percent_covered": 100.0, "percent_covered_display": "100.00", "missing_lines": 0, "excluded_lines": 0, "num_branches": 0, "num_partial_branches": 0, "covered_branches": 0, "missing_branches": 0}, "missing_lines": [], "excluded_lines": [], "executed_branches": [], "missing_branches": [], "functions": {"": {"executed_lines": [], "summary": {"covered_lines": 0, "num_statements": 0, "percent_covered": 100.0, "percent_covered_display": "100.00", "missing_lines": 0, "excluded_lines": 0, "num_branches": 0, "num_partial_branches": 0, "covered_branches": 0, "missing_branches": 0}, "missing_lines": [], "excluded_lines": [], "executed_branches": [], "missing_branches": []}}, "classes": {"": {"executed_lines": [], "summary": {"covered_lines": 0, "num_statements": 0, "percent_covered": 100.0, "percent_covered_display": "100.00", "missing_lines": 0, "excluded_lines": 0, "num_branches": 0, "num_partial_branches": 0, "covered_branches": 0, "missing_branches": 0}, "missing_lines": [], "excluded_lines": [], "executed_branches": [], "missing_branches": []}}}, "src/data_collector/backup_manager.py": {"executed_lines": [1, 6, 7, 8, 9, 10, 11, 12, 13, 14, 16, 19, 20, 21, 22, 23, 24, 25, 26, 27, 28, 31, 32, 33, 34, 35, 36, 37, 38, 39, 40, 42, 43, 44, 47, 48, 50, 57, 58, 60, 62, 63, 64, 66, 81, 82, 83, 84, 86, 87, 88, 91, 92, 93, 94, 97, 99, 101, 102, 103, 104, 105, 108, 110, 111, 119, 130, 132, 135, 138, 141, 142, 144, 157, 167, 168, 170, 171, 172, 174, 175, 181, 195, 196, 207, 210, 211, 212, 213, 214, 215, 220, 221, 222, 225, 226, 231, 236, 246, 247, 249, 250, 252, 253, 254, 256, 257, 259, 262, 273, 274, 275, 276, 278, 281, 283, 289, 300, 301, 302, 303, 306, 307, 312, 313, 316, 328, 330, 331, 337, 347, 348, 350, 351, 354, 355, 357, 358, 359, 360, 361, 362, 363, 366, 368, 369, 371, 377, 379, 380, 382, 385, 386, 387, 390, 391, 392, 396, 397, 402, 407, 417, 418, 420, 430, 431, 433, 434, 435, 436, 437, 439, 449, 455, 465, 466, 469, 470, 473, 475, 476, 479, 480, 482], "summary": {"covered_lines": 167, "num_statements": 203, "percent_covered": 80.72289156626506, "percent_covered_display": "80.72", "missing_lines": 36, "excluded_lines": 26, "num_branches": 46, "num_partial_branches": 10, "covered_branches": 34, "missing_branches": 12}, "missing_lines": [113, 115, 117, 146, 149, 150, 152, 153, 155, 177, 179, 216, 233, 260, 285, 287, 317, 318, 319, 320, 323, 324, 325, 333, 335, 373, 375, 383, 393, 404, 421, 451, 453, 467, 484, 486], "excluded_lines": [64, 83, 87, 110, 116, 147, 151, 154, 174, 178, 217, 231, 234, 286, 302, 313, 330, 334, 361, 363, 369, 374, 402, 405, 452, 485], "executed_branches": [[43, -42], [43, 44], [99, 101], [101, 102], [101, 108], [103, 104], [211, 212], [211, 220], [249, 250], [249, 252], [257, 259], [257, 281], [259, 262], [273, 274], [273, 278], [275, 276], [275, 278], [306, 307], [316, 328], [350, 351], [350, 354], [357, 358], [357, 366], [382, 385], [391, 392], [391, 396], [392, 391], [420, 430], [433, 434], [433, 439], [435, 436], [466, 469], [475, 476], [475, 479]], "missing_branches": [[99, 113], [103, 108], [259, 260], [306, 316], [316, 317], [323, 324], [323, 325], [382, 383], [392, 393], [420, 421], [435, 437], [466, 467]], "functions": {"BackupConfig.__post_init__": {"executed_lines": [43, 44], "summary": {"covered_lines": 2, "num_statements": 2, "percent_covered": 100.0, "percent_covered_display": "100.00", "missing_lines": 0, "excluded_lines": 0, "num_branches": 2, "num_partial_branches": 0, "covered_branches": 2, "missing_branches": 0}, "missing_lines": [], "excluded_lines": [], "executed_branches": [[43, -42], [43, 44]], "missing_branches": []}, "BackupManager.__init__": {"executed_lines": [57, 58], "summary": {"covered_lines": 2, "num_statements": 2, "percent_covered": 100.0, "percent_covered_display": "100.00", "missing_lines": 0, "excluded_lines": 0, "num_branches": 0, "num_partial_branches": 0, "covered_branches": 0, "missing_branches": 0}, "missing_lines": [], "excluded_lines": [], "executed_branches": [], "missing_branches": []}, "BackupManager.ensure_backup_directory": {"executed_lines": [62, 63, 64], "summary": {"covered_lines": 2, "num_statements": 2, "percent_covered": 100.0, "percent_covered_display": "100.00", "missing_lines": 0, "excluded_lines": 1, "num_branches": 0, "num_partial_branches": 0, "covered_branches": 0, "missing_branches": 0}, "missing_lines": [], "excluded_lines": [64], "executed_branches": [], "missing_branches": []}, "BackupManager.create_backup": {"executed_lines": [81, 82, 83, 84, 86, 87, 88, 91, 92, 93, 94, 97, 99, 101, 102, 103, 104, 105, 108, 110, 111], "summary": {"covered_lines": 18, "num_statements": 21, "percent_covered": 81.48148148148148, "percent_covered_display": "81.48", "missing_lines": 3, "excluded_lines": 4, "num_branches": 6, "num_partial_branches": 2, "covered_branches": 4, "missing_branches": 2}, "missing_lines": [113, 115, 117], "excluded_lines": [83, 87, 110, 116], "executed_branches": [[99, 101], [101, 102], [101, 108], [103, 104]], "missing_branches": [[99, 113], [103, 108]]}, "BackupManager._create_sqlite_backup": {"executed_lines": [130, 132, 135, 138, 141, 142, 144], "summary": {"covered_lines": 7, "num_statements": 13, "percent_covered": 53.84615384615385, "percent_covered_display": "53.85", "missing_lines": 6, "excluded_lines": 3, "num_branches": 0, "num_partial_branches": 0, "covered_branches": 0, "missing_branches": 0}, "missing_lines": [146, 149, 150, 152, 153, 155], "excluded_lines": [147, 151, 154], "executed_branches": [], "missing_branches": []}, "BackupManager._compress_backup": {"executed_lines": [167, 168, 170, 171, 172, 174, 175], "summary": {"covered_lines": 6, "num_statements": 8, "percent_covered": 75.0, "percent_covered_display": "75.00", "missing_lines": 2, "excluded_lines": 2, "num_branches": 0, "num_partial_branches": 0, "covered_branches": 0, "missing_branches": 0}, "missing_lines": [177, 179], "excluded_lines": [174, 178], "executed_branches": [], "missing_branches": []}, "BackupManager._record_backup_info": {"executed_lines": [195, 196, 207, 210, 211, 212, 213, 214, 215, 220, 221, 222, 225, 226, 231], "summary": {"covered_lines": 14, "num_statements": 16, "percent_covered": 88.88888888888889, "percent_covered_display": "88.89", "missing_lines": 2, "excluded_lines": 3, "num_branches": 2, "num_partial_branches": 0, "covered_branches": 2, "missing_branches": 0}, "missing_lines": [216, 233], "excluded_lines": [217, 231, 234], "executed_branches": [[211, 212], [211, 220]], "missing_branches": []}, "BackupManager.list_backups": {"executed_lines": [246, 247, 249, 250, 252, 253, 254, 256, 257, 259, 262, 273, 274, 275, 276, 278, 281, 283], "summary": {"covered_lines": 18, "num_statements": 21, "percent_covered": 87.09677419354838, "percent_covered_display": "87.10", "missing_lines": 3, "excluded_lines": 1, "num_branches": 10, "num_partial_branches": 1, "covered_branches": 9, "missing_branches": 1}, "missing_lines": [260, 285, 287], "excluded_lines": [286], "executed_branches": [[249, 250], [249, 252], [257, 259], [257, 281], [259, 262], [273, 274], [273, 278], [275, 276], [275, 278]], "missing_branches": [[259, 260]]}, "BackupManager.restore_backup": {"executed_lines": [300, 301, 302, 303, 306, 307, 312, 313, 316, 328, 330, 331], "summary": {"covered_lines": 9, "num_statements": 18, "percent_covered": 45.833333333333336, "percent_covered_display": "45.83", "missing_lines": 9, "excluded_lines": 4, "num_branches": 6, "num_partial_branches": 2, "covered_branches": 2, "missing_branches": 4}, "missing_lines": [317, 318, 319, 320, 323, 324, 325, 333, 335], "excluded_lines": [302, 313, 330, 334], "executed_branches": [[306, 307], [316, 328]], "missing_branches": [[306, 316], [316, 317], [323, 324], [323, 325]]}, "BackupManager.cleanup_old_backups": {"executed_lines": [347, 348, 350, 351, 354, 355, 357, 358, 359, 360, 361, 362, 363, 366, 368, 369, 371], "summary": {"covered_lines": 14, "num_statements": 16, "percent_covered": 90.0, "percent_covered_display": "90.00", "missing_lines": 2, "excluded_lines": 4, "num_branches": 4, "num_partial_branches": 0, "covered_branches": 4, "missing_branches": 0}, "missing_lines": [373, 375], "excluded_lines": [361, 363, 369, 374], "executed_branches": [[350, 351], [350, 354], [357, 358], [357, 366]], "missing_branches": []}, "BackupManager._cleanup_metadata": {"executed_lines": [379, 380, 382, 385, 386, 387, 390, 391, 392, 396, 397, 402], "summary": {"covered_lines": 11, "num_statements": 14, "percent_covered": 75.0, "percent_covered_display": "75.00", "missing_lines": 3, "excluded_lines": 2, "num_branches": 6, "num_partial_branches": 2, "covered_branches": 4, "missing_branches": 2}, "missing_lines": [383, 393, 404], "excluded_lines": [402, 405], "executed_branches": [[382, 385], [391, 392], [391, 396], [392, 391]], "missing_branches": [[382, 383], [392, 393]]}, "BackupManager.get_backup_statistics": {"executed_lines": [417, 418, 420, 430, 431, 433, 434, 435, 436, 437, 439, 449], "summary": {"covered_lines": 12, "num_statements": 15, "percent_covered": 76.19047619047619, "percent_covered_display": "76.19", "missing_lines": 3, "excluded_lines": 1, "num_branches": 6, "num_partial_branches": 2, "covered_branches": 4, "missing_branches": 2}, "missing_lines": [421, 451, 453], "excluded_lines": [452], "executed_branches": [[420, 430], [433, 434], [433, 439], [435, 436]], "missing_branches": [[420, 421], [435, 437]]}, "BackupManager.should_create_daily_backup": {"executed_lines": [465, 466, 469, 470, 473, 475, 476, 479, 480, 482], "summary": {"covered_lines": 10, "num_statements": 13, "percent_covered": 76.47058823529412, "percent_covered_display": "76.47", "missing_lines": 3, "excluded_lines": 1, "num_branches": 4, "num_partial_branches": 1, "covered_branches": 3, "missing_branches": 1}, "missing_lines": [467, 484, 486], "excluded_lines": [485], "executed_branches": [[466, 469], [475, 476], [475, 479]], "missing_branches": [[466, 467]]}, "": {"executed_lines": [1, 6, 7, 8, 9, 10, 11, 12, 13, 14, 16, 19, 20, 21, 22, 23, 24, 25, 26, 27, 28, 31, 32, 33, 34, 35, 36, 37, 38, 39, 40, 42, 47, 48, 50, 60, 66, 119, 157, 181, 236, 289, 337, 377, 407, 455], "summary": {"covered_lines": 42, "num_statements": 42, "percent_covered": 100.0, "percent_covered_display": "100.00", "missing_lines": 0, "excluded_lines": 0, "num_branches": 0, "num_partial_branches": 0, "covered_branches": 0, "missing_branches": 0}, "missing_lines": [], "excluded_lines": [], "executed_branches": [], "missing_branches": []}}, "classes": {"BackupInfo": {"executed_lines": [], "summary": {"covered_lines": 0, "num_statements": 0, "percent_covered": 100.0, "percent_covered_display": "100.00", "missing_lines": 0, "excluded_lines": 0, "num_branches": 0, "num_partial_branches": 0, "covered_branches": 0, "missing_branches": 0}, "missing_lines": [], "excluded_lines": [], "executed_branches": [], "missing_branches": []}, "BackupConfig": {"executed_lines": [43, 44], "summary": {"covered_lines": 2, "num_statements": 2, "percent_covered": 100.0, "percent_covered_display": "100.00", "missing_lines": 0, "excluded_lines": 0, "num_branches": 2, "num_partial_branches": 0, "covered_branches": 2, "missing_branches": 0}, "missing_lines": [], "excluded_lines": [], "executed_branches": [[43, -42], [43, 44]], "missing_branches": []}, "BackupManager": {"executed_lines": [57, 58, 62, 63, 64, 81, 82, 83, 84, 86, 87, 88, 91, 92, 93, 94, 97, 99, 101, 102, 103, 104, 105, 108, 110, 111, 130, 132, 135, 138, 141, 142, 144, 167, 168, 170, 171, 172, 174, 175, 195, 196, 207, 210, 211, 212, 213, 214, 215, 220, 221, 222, 225, 226, 231, 246, 247, 249, 250, 252, 253, 254, 256, 257, 259, 262, 273, 274, 275, 276, 278, 281, 283, 300, 301, 302, 303, 306, 307, 312, 313, 316, 328, 330, 331, 347, 348, 350, 351, 354, 355, 357, 358, 359, 360, 361, 362, 363, 366, 368, 369, 371, 379, 380, 382, 385, 386, 387, 390, 391, 392, 396, 397, 402, 417, 418, 420, 430, 431, 433, 434, 435, 436, 437, 439, 449, 465, 466, 469, 470, 473, 475, 476, 479, 480, 482], "summary": {"covered_lines": 123, "num_statements": 159, "percent_covered": 76.35467980295566, "percent_covered_display": "76.35", "missing_lines": 36, "excluded_lines": 26, "num_branches": 44, "num_partial_branches": 10, "covered_branches": 32, "missing_branches": 12}, "missing_lines": [113, 115, 117, 146, 149, 150, 152, 153, 155, 177, 179, 216, 233, 260, 285, 287, 317, 318, 319, 320, 323, 324, 325, 333, 335, 373, 375, 383, 393, 404, 421, 451, 453, 467, 484, 486], "excluded_lines": [64, 83, 87, 110, 116, 147, 151, 154, 174, 178, 217, 231, 234, 286, 302, 313, 330, 334, 361, 363, 369, 374, 402, 405, 452, 485], "executed_branches": [[99, 101], [101, 102], [101, 108], [103, 104], [211, 212], [211, 220], [249, 250], [249, 252], [257, 259], [257, 281], [259, 262], [273, 274], [273, 278], [275, 276], [275, 278], [306, 307], [316, 328], [350, 351], [350, 354], [357, 358], [357, 366], [382, 385], [391, 392], [391, 396], [392, 391], [420, 430], [433, 434], [433, 439], [435, 436], [466, 469], [475, 476], [475, 479]], "missing_branches": [[99, 113], [103, 108], [259, 260], [306, 316], [316, 317], [323, 324], [323, 325], [382, 383], [392, 393], [420, 421], [435, 437], [466, 467]]}, "": {"executed_lines": [1, 6, 7, 8, 9, 10, 11, 12, 13, 14, 16, 19, 20, 21, 22, 23, 24, 25, 26, 27, 28, 31, 32, 33, 34, 35, 36, 37, 38, 39, 40, 42, 47, 48, 50, 60, 66, 119, 157, 181, 236, 289, 337, 377, 407, 455], "summary": {"covered_lines": 42, "num_statements": 42, "percent_covered": 100.0, "percent_covered_display": "100.00", "missing_lines": 0, "excluded_lines": 0, "num_branches": 0, "num_partial_branches": 0, "covered_branches": 0, "missing_branches": 0}, "missing_lines": [], "excluded_lines": [], "executed_branches": [], "missing_branches": []}}}, "src/data_collector/stock_data_collector.py": {"executed_lines": [1, 2, 3, 4, 5, 6, 7, 8, 9, 10, 11, 14, 15, 20, 28, 29, 30, 31, 34, 37, 38, 39, 41, 43, 44, 59, 64, 66, 67, 68, 69, 70, 71, 72, 74, 78, 95, 96, 98, 99, 101, 102, 103, 106, 109, 119, 122, 123, 124, 126, 127, 129, 130, 131, 133, 135, 136, 138, 139, 142, 145, 147, 148, 150, 158, 159, 163, 165, 169, 173, 175, 176, 178, 179, 182, 184, 185, 191, 212, 214, 215, 217, 219, 220, 221, 222, 225, 227, 228, 230, 232, 251, 253, 255, 263, 264, 265, 266, 267, 268, 270, 274, 275, 277, 285, 286, 287, 289, 290, 294, 296, 300, 305, 307, 308, 309, 312, 313, 316, 317, 320, 321, 323], "summary": {"covered_lines": 111, "num_statements": 121, "percent_covered": 91.24087591240875, "percent_covered_display": "91.24", "missing_lines": 10, "excluded_lines": 15, "num_branches": 16, "num_partial_branches": 2, "covered_branches": 14, "missing_branches": 2}, "missing_lines": [166, 167, 170, 171, 187, 189, 271, 302, 330, 332], "excluded_lines": [102, 126, 130, 145, 148, 184, 188, 221, 270, 272, 274, 294, 300, 303, 331], "executed_branches": [[69, 70], [69, 72], [165, 169], [169, 173], [178, 179], [178, 182], [214, 215], [214, 225], [217, 219], [217, 225], [227, 228], [227, 230], [289, 290], [289, 296]], "missing_branches": [[165, 166], [169, 170]], "functions": {"StockDataCollector.__init__": {"executed_lines": [28, 29, 30, 31, 34, 37, 38, 39], "summary": {"covered_lines": 8, "num_statements": 8, "percent_covered": 100.0, "percent_covered_display": "100.00", "missing_lines": 0, "excluded_lines": 0, "num_branches": 0, "num_partial_branches": 0, "covered_branches": 0, "missing_branches": 0}, "missing_lines": [], "excluded_lines": [], "executed_branches": [], "missing_branches": []}, "StockDataCollector._init_database": {"executed_lines": [43, 44, 59], "summary": {"covered_lines": 3, "num_statements": 3, "percent_covered": 100.0, "percent_covered_display": "100.00", "missing_lines": 0, "excluded_lines": 0, "num_branches": 0, "num_partial_branches": 0, "covered_branches": 0, "missing_branches": 0}, "missing_lines": [], "excluded_lines": [], "executed_branches": [], "missing_branches": []}, "StockDataCollector._rate_limit": {"executed_lines": [66, 67, 68, 69, 70, 71, 72], "summary": {"covered_lines": 7, "num_statements": 7, "percent_covered": 100.0, "percent_covered_display": "100.00", "missing_lines": 0, "excluded_lines": 0, "num_branches": 2, "num_partial_branches": 0, "covered_branches": 2, "missing_branches": 0}, "missing_lines": [], "excluded_lines": [], "executed_branches": [[69, 70], [69, 72]], "missing_branches": []}, "StockDataCollector._fetch_data_yfinance": {"executed_lines": [95, 96, 98, 99, 101, 102, 103, 106, 109, 119, 122, 123, 124, 126, 127, 129, 130, 131], "summary": {"covered_lines": 15, "num_statements": 15, "percent_covered": 100.0, "percent_covered_display": "100.00", "missing_lines": 0, "excluded_lines": 3, "num_branches": 0, "num_partial_branches": 0, "covered_branches": 0, "missing_branches": 0}, "missing_lines": [], "excluded_lines": [102, 126, 130], "executed_branches": [], "missing_branches": []}, "StockDataCollector._save_to_cache": {"executed_lines": [135, 136, 138, 139, 142, 145, 147, 148], "summary": {"covered_lines": 6, "num_statements": 6, "percent_covered": 100.0, "percent_covered_display": "100.00", "missing_lines": 0, "excluded_lines": 2, "num_branches": 0, "num_partial_branches": 0, "covered_branches": 0, "missing_branches": 0}, "missing_lines": [], "excluded_lines": [145, 148], "executed_branches": [], "missing_branches": []}, "StockDataCollector._load_from_cache": {"executed_lines": [158, 159, 163, 165, 169, 173, 175, 176, 178, 179, 182, 184, 185], "summary": {"covered_lines": 12, "num_statements": 18, "percent_covered": 66.66666666666667, "percent_covered_display": "66.67", "missing_lines": 6, "excluded_lines": 2, "num_branches": 6, "num_partial_branches": 2, "covered_branches": 4, "missing_branches": 2}, "missing_lines": [166, 167, 170, 171, 187, 189], "excluded_lines": [184, 188], "executed_branches": [[165, 169], [169, 173], [178, 179], [178, 182]], "missing_branches": [[165, 166], [169, 170]]}, "StockDataCollector.get_stock_data": {"executed_lines": [212, 214, 215, 217, 219, 220, 221, 222, 225, 227, 228, 230], "summary": {"covered_lines": 11, "num_statements": 11, "percent_covered": 100.0, "percent_covered_display": "100.00", "missing_lines": 0, "excluded_lines": 1, "num_branches": 6, "num_partial_branches": 0, "covered_branches": 6, "missing_branches": 0}, "missing_lines": [], "excluded_lines": [221], "executed_branches": [[214, 215], [214, 225], [217, 219], [217, 225], [227, 228], [227, 230]], "missing_branches": []}, "StockDataCollector.get_multiple_stocks": {"executed_lines": [251, 253, 255, 263, 264, 265, 266, 267, 268, 270, 274, 275], "summary": {"covered_lines": 10, "num_statements": 11, "percent_covered": 90.9090909090909, "percent_covered_display": "90.91", "missing_lines": 1, "excluded_lines": 3, "num_branches": 0, "num_partial_branches": 0, "covered_branches": 0, "missing_branches": 0}, "missing_lines": [271], "excluded_lines": [270, 272, 274], "executed_branches": [], "missing_branches": []}, "StockDataCollector.clear_cache": {"executed_lines": [285, 286, 287, 289, 290, 294, 296, 300], "summary": {"covered_lines": 6, "num_statements": 7, "percent_covered": 88.88888888888889, "percent_covered_display": "88.89", "missing_lines": 1, "excluded_lines": 3, "num_branches": 2, "num_partial_branches": 0, "covered_branches": 2, "missing_branches": 0}, "missing_lines": [302], "excluded_lines": [294, 300, 303], "executed_branches": [[289, 290], [289, 296]], "missing_branches": []}, "StockDataCollector.get_cache_stats": {"executed_lines": [307, 308, 309, 312, 313, 316, 317, 320, 321, 323], "summary": {"covered_lines": 10, "num_statements": 12, "percent_covered": 83.33333333333333, "percent_covered_display": "83.33", "missing_lines": 2, "excluded_lines": 1, "num_branches": 0, "num_partial_branches": 0, "covered_branches": 0, "missing_branches": 0}, "missing_lines": [330, 332], "excluded_lines": [331], "executed_branches": [], "missing_branches": []}, "": {"executed_lines": [1, 2, 3, 4, 5, 6, 7, 8, 9, 10, 11, 14, 15, 20, 41, 64, 74, 78, 133, 150, 191, 232, 277, 305], "summary": {"covered_lines": 23, "num_statements": 23, "percent_covered": 100.0, "percent_covered_display": "100.00", "missing_lines": 0, "excluded_lines": 0, "num_branches": 0, "num_partial_branches": 0, "covered_branches": 0, "missing_branches": 0}, "missing_lines": [], "excluded_lines": [], "executed_branches": [], "missing_branches": []}}, "classes": {"StockDataCollector": {"executed_lines": [28, 29, 30, 31, 34, 37, 38, 39, 43, 44, 59, 66, 67, 68, 69, 70, 71, 72, 95, 96, 98, 99, 101, 102, 103, 106, 109, 119, 122, 123, 124, 126, 127, 129, 130, 131, 135, 136, 138, 139, 142, 145, 147, 148, 158, 159, 163, 165, 169, 173, 175, 176, 178, 179, 182, 184, 185, 212, 214, 215, 217, 219, 220, 221, 222, 225, 227, 228, 230, 251, 253, 255, 263, 264, 265, 266, 267, 268, 270, 274, 275, 285, 286, 287, 289, 290, 294, 296, 300, 307, 308, 309, 312, 313, 316, 317, 320, 321, 323], "summary": {"covered_lines": 88, "num_statements": 98, "percent_covered": 89.47368421052632, "percent_covered_display": "89.47", "missing_lines": 10, "excluded_lines": 15, "num_branches": 16, "num_partial_branches": 2, "covered_branches": 14, "missing_branches": 2}, "missing_lines": [166, 167, 170, 171, 187, 189, 271, 302, 330, 332], "excluded_lines": [102, 126, 130, 145, 148, 184, 188, 221, 270, 272, 274, 294, 300, 303, 331], "executed_branches": [[69, 70], [69, 72], [165, 169], [169, 173], [178, 179], [178, 182], [214, 215], [214, 225], [217, 219], [217, 225], [227, 228], [227, 230], [289, 290], [289, 296]], "missing_branches": [[165, 166], [169, 170]]}, "": {"executed_lines": [1, 2, 3, 4, 5, 6, 7, 8, 9, 10, 11, 14, 15, 20, 41, 64, 74, 78, 133, 150, 191, 232, 277, 305], "summary": {"covered_lines": 23, "num_statements": 23, "percent_covered": 100.0, "percent_covered_display": "100.00", "missing_lines": 0, "excluded_lines": 0, "num_branches": 0, "num_partial_branches": 0, "covered_branches": 0, "missing_branches": 0}, "missing_lines": [], "excluded_lines": [], "executed_branches": [], "missing_branches": []}}}, "src/data_collector/symbol_manager.py": {"executed_lines": [1, 2, 3, 4, 7, 8, 9, 10, 11, 14, 15, 22, 29, 32, 54, 56, 70, 83, 94, 95, 96, 97, 98, 99, 102, 103, 106, 107, 110, 112, 115, 116, 118, 119, 121, 124, 125, 127, 128, 130, 141, 144, 145, 147, 148, 150, 151, 152, 153, 155, 156, 158, 161, 163, 165, 167, 168, 170, 173, 175, 176, 178, 179, 181, 191, 192, 194, 201, 203, 204, 205, 206, 208, 210, 220, 221, 223, 224, 225, 226, 227, 229, 230, 232, 234, 245, 246, 247, 248, 249, 250, 252, 254, 265, 267, 275, 277, 278, 280, 282, 292, 293, 299, 300, 308, 310, 320, 322, 332, 334, 344, 345, 346, 347, 348, 350, 360, 361, 362, 363, 364, 366, 373, 374, 375, 376, 377], "summary": {"covered_lines": 119, "num_statements": 119, "percent_covered": 99.40119760479043, "percent_covered_display": "99.40", "missing_lines": 0, "excluded_lines": 6, "num_branches": 48, "num_partial_branches": 1, "covered_branches": 47, "missing_branches": 1}, "missing_lines": [], "excluded_lines": [155, 167, 178, 230, 275, 278], "executed_branches": [[94, 95], [94, 102], [96, 97], [96, 98], [98, 99], [98, 102], [102, 103], [102, 106], [106, 107], [106, 110], [115, 116], [115, 118], [124, 125], [124, 127], [144, 145], [144, 147], [147, 148], [147, 150], [150, 151], [150, 152], [201, 203], [201, 205], [205, 206], [223, 224], [223, 232], [225, 226], [225, 229], [245, 246], [245, 248], [248, 249], [248, 252], [292, 293], [292, 299], [299, 300], [299, 308], [345, 346], [345, 348], [346, 345], [346, 347], [361, 362], [361, 364], [362, 361], [362, 363], [374, 375], [374, 377], [375, 374], [375, 376]], "missing_branches": [[205, 208]], "functions": {"SymbolManager.__init__": {"executed_lines": [56, 70], "summary": {"covered_lines": 2, "num_statements": 2, "percent_covered": 100.0, "percent_covered_display": "100.00", "missing_lines": 0, "excluded_lines": 0, "num_branches": 0, "num_partial_branches": 0, "covered_branches": 0, "missing_branches": 0}, "missing_lines": [], "excluded_lines": [], "executed_branches": [], "missing_branches": []}, "SymbolManager.detect_market_type": {"executed_lines": [94, 95, 96, 97, 98, 99, 102, 103, 106, 107, 110], "summary": {"covered_lines": 11, "num_statements": 11, "percent_covered": 100.0, "percent_covered_display": "100.00", "missing_lines": 0, "excluded_lines": 0, "num_branches": 10, "num_partial_branches": 0, "covered_branches": 10, "missing_branches": 0}, "missing_lines": [], "excluded_lines": [], "executed_branches": [[94, 95], [94, 102], [96, 97], [96, 98], [98, 99], [98, 102], [102, 103], [102, 106], [106, 107], [106, 110]], "missing_branches": []}, "SymbolManager._is_japan_stock": {"executed_lines": [115, 116, 118, 119], "summary": {"covered_lines": 4, "num_statements": 4, "percent_covered": 100.0, "percent_covered_display": "100.00", "missing_lines": 0, "excluded_lines": 0, "num_branches": 2, "num_partial_branches": 0, "covered_branches": 2, "missing_branches": 0}, "missing_lines": [], "excluded_lines": [], "executed_branches": [[115, 116], [115, 118]], "missing_branches": []}, "SymbolManager._is_us_stock": {"executed_lines": [124, 125, 127, 128], "summary": {"covered_lines": 4, "num_statements": 4, "percent_covered": 100.0, "percent_covered_display": "100.00", "missing_lines": 0, "excluded_lines": 0, "num_branches": 2, "num_partial_branches": 0, "covered_branches": 2, "missing_branches": 0}, "missing_lines": [], "excluded_lines": [], "executed_branches": [[124, 125], [124, 127]], "missing_branches": []}, "SymbolManager.normalize_symbol": {"executed_lines": [141, 144, 145, 147, 148, 150, 151, 152, 153, 155, 156], "summary": {"covered_lines": 10, "num_statements": 10, "percent_covered": 100.0, "percent_covered_display": "100.00", "missing_lines": 0, "excluded_lines": 1, "num_branches": 6, "num_partial_branches": 0, "covered_branches": 6, "missing_branches": 0}, "missing_lines": [], "excluded_lines": [155], "executed_branches": [[144, 145], [144, 147], [147, 148], [147, 150], [150, 151], [150, 152]], "missing_branches": []}, "SymbolManager._normalize_japan_symbol": {"executed_lines": [161, 163, 165, 167, 168], "summary": {"covered_lines": 4, "num_statements": 4, "percent_covered": 100.0, "percent_covered_display": "100.00", "missing_lines": 0, "excluded_lines": 1, "num_branches": 0, "num_partial_branches": 0, "covered_branches": 0, "missing_branches": 0}, "missing_lines": [], "excluded_lines": [167], "executed_branches": [], "missing_branches": []}, "SymbolManager._normalize_us_symbol": {"executed_lines": [173, 175, 176, 178, 179], "summary": {"covered_lines": 4, "num_statements": 4, "percent_covered": 100.0, "percent_covered_display": "100.00", "missing_lines": 0, "excluded_lines": 1, "num_branches": 0, "num_partial_branches": 0, "covered_branches": 0, "missing_branches": 0}, "missing_lines": [], "excluded_lines": [178], "executed_branches": [], "missing_branches": []}, "SymbolManager.get_symbol_info": {"executed_lines": [191, 192, 194, 201, 203, 204, 205, 206, 208], "summary": {"covered_lines": 9, "num_statements": 9, "percent_covered": 92.3076923076923, "percent_covered_display": "92.31", "missing_lines": 0, "excluded_lines": 0, "num_branches": 4, "num_partial_branches": 1, "covered_branches": 3, "missing_branches": 1}, "missing_lines": [], "excluded_lines": [], "executed_branches": [[201, 203], [201, 205], [205, 206]], "missing_branches": [[205, 208]]}, "SymbolManager.validate_symbols": {"executed_lines": [220, 221, 223, 224, 225, 226, 227, 229, 230, 232], "summary": {"covered_lines": 9, "num_statements": 9, "percent_covered": 100.0, "percent_covered_display": "100.00", "missing_lines": 0, "excluded_lines": 1, "num_branches": 4, "num_partial_branches": 0, "covered_branches": 4, "missing_branches": 0}, "missing_lines": [], "excluded_lines": [230], "executed_branches": [[223, 224], [223, 232], [225, 226], [225, 229]], "missing_branches": []}, "SymbolManager.get_sample_symbols": {"executed_lines": [245, 246, 247, 248, 249, 250, 252], "summary": {"covered_lines": 7, "num_statements": 7, "percent_covered": 100.0, "percent_covered_display": "100.00", "missing_lines": 0, "excluded_lines": 0, "num_branches": 4, "num_partial_branches": 0, "covered_branches": 4, "missing_branches": 0}, "missing_lines": [], "excluded_lines": [], "executed_branches": [[245, 246], [245, 248], [248, 249], [248, 252]], "missing_branches": []}, "SymbolManager.create_watchlist": {"executed_lines": [265, 267, 275, 277, 278, 280], "summary": {"covered_lines": 4, "num_statements": 4, "percent_covered": 100.0, "percent_covered_display": "100.00", "missing_lines": 0, "excluded_lines": 2, "num_branches": 0, "num_partial_branches": 0, "covered_branches": 0, "missing_branches": 0}, "missing_lines": [], "excluded_lines": [275, 278], "executed_branches": [], "missing_branches": []}, "SymbolManager.get_market_hours_info": {"executed_lines": [292, 293, 299, 300, 308], "summary": {"covered_lines": 5, "num_statements": 5, "percent_covered": 100.0, "percent_covered_display": "100.00", "missing_lines": 0, "excluded_lines": 0, "num_branches": 4, "num_partial_branches": 0, "covered_branches": 4, "missing_branches": 0}, "missing_lines": [], "excluded_lines": [], "executed_branches": [[292, 293], [292, 299], [299, 300], [299, 308]], "missing_branches": []}, "SymbolManager.is_index_symbol": {"executed_lines": [320], "summary": {"covered_lines": 1, "num_statements": 1, "percent_covered": 100.0, "percent_covered_display": "100.00", "missing_lines": 0, "excluded_lines": 0, "num_branches": 0, "num_partial_branches": 0, "covered_branches": 0, "missing_branches": 0}, "missing_lines": [], "excluded_lines": [], "executed_branches": [], "missing_branches": []}, "SymbolManager.get_index_info": {"executed_lines": [332], "summary": {"covered_lines": 1, "num_statements": 1, "percent_covered": 100.0, "percent_covered_display": "100.00", "missing_lines": 0, "excluded_lines": 0, "num_branches": 0, "num_partial_branches": 0, "covered_branches": 0, "missing_branches": 0}, "missing_lines": [], "excluded_lines": [], "executed_branches": [], "missing_branches": []}, "SymbolManager.get_indices_by_market": {"executed_lines": [344, 345, 346, 347, 348], "summary": {"covered_lines": 5, "num_statements": 5, "percent_covered": 100.0, "percent_covered_display": "100.00", "missing_lines": 0, "excluded_lines": 0, "num_branches": 4, "num_partial_branches": 0, "covered_branches": 4, "missing_branches": 0}, "missing_lines": [], "excluded_lines": [], "executed_branches": [[345, 346], [345, 348], [346, 345], [346, 347]], "missing_branches": []}, "SymbolManager.get_sector_etfs": {"executed_lines": [360, 361, 362, 363, 364], "summary": {"covered_lines": 5, "num_statements": 5, "percent_covered": 100.0, "percent_covered_display": "100.00", "missing_lines": 0, "excluded_lines": 0, "num_branches": 4, "num_partial_branches": 0, "covered_branches": 4, "missing_branches": 0}, "missing_lines": [], "excluded_lines": [], "executed_branches": [[361, 362], [361, 364], [362, 361], [362, 363]], "missing_branches": []}, "SymbolManager.get_volatility_indices": {"executed_lines": [373, 374, 375, 376, 377], "summary": {"covered_lines": 5, "num_statements": 5, "percent_covered": 100.0, "percent_covered_display": "100.00", "missing_lines": 0, "excluded_lines": 0, "num_branches": 4, "num_partial_branches": 0, "covered_branches": 4, "missing_branches": 0}, "missing_lines": [], "excluded_lines": [], "executed_branches": [[374, 375], [374, 377], [375, 374], [375, 376]], "missing_branches": []}, "": {"executed_lines": [1, 2, 3, 4, 7, 8, 9, 10, 11, 14, 15, 22, 29, 32, 54, 83, 112, 121, 130, 158, 170, 181, 210, 234, 254, 282, 310, 322, 334, 350, 366], "summary": {"covered_lines": 29, "num_statements": 29, "percent_covered": 100.0, "percent_covered_display": "100.00", "missing_lines": 0, "excluded_lines": 0, "num_branches": 0, "num_partial_branches": 0, "covered_branches": 0, "missing_branches": 0}, "missing_lines": [], "excluded_lines": [], "executed_branches": [], "missing_branches": []}}, "classes": {"MarketType": {"executed_lines": [], "summary": {"covered_lines": 0, "num_statements": 0, "percent_covered": 100.0, "percent_covered_display": "100.00", "missing_lines": 0, "excluded_lines": 0, "num_branches": 0, "num_partial_branches": 0, "covered_branches": 0, "missing_branches": 0}, "missing_lines": [], "excluded_lines": [], "executed_branches": [], "missing_branches": []}, "SymbolManager": {"executed_lines": [56, 70, 94, 95, 96, 97, 98, 99, 102, 103, 106, 107, 110, 115, 116, 118, 119, 124, 125, 127, 128, 141, 144, 145, 147, 148, 150, 151, 152, 153, 155, 156, 161, 163, 165, 167, 168, 173, 175, 176, 178, 179, 191, 192, 194, 201, 203, 204, 205, 206, 208, 220, 221, 223, 224, 225, 226, 227, 229, 230, 232, 245, 246, 247, 248, 249, 250, 252, 265, 267, 275, 277, 278, 280, 292, 293, 299, 300, 308, 320, 332, 344, 345, 346, 347, 348, 360, 361, 362, 363, 364, 373, 374, 375, 376, 377], "summary": {"covered_lines": 90, "num_statements": 90, "percent_covered": 99.27536231884058, "percent_covered_display": "99.28", "missing_lines": 0, "excluded_lines": 6, "num_branches": 48, "num_partial_branches": 1, "covered_branches": 47, "missing_branches": 1}, "missing_lines": [], "excluded_lines": [155, 167, 178, 230, 275, 278], "executed_branches": [[94, 95], [94, 102], [96, 97], [96, 98], [98, 99], [98, 102], [102, 103], [102, 106], [106, 107], [106, 110], [115, 116], [115, 118], [124, 125], [124, 127], [144, 145], [144, 147], [147, 148], [147, 150], [150, 151], [150, 152], [201, 203], [201, 205], [205, 206], [223, 224], [223, 232], [225, 226], [225, 229], [245, 246], [245, 248], [248, 249], [248, 252], [292, 293], [292, 299], [299, 300], [299, 308], [345, 346], [345, 348], [346, 345], [346, 347], [361, 362], [361, 364], [362, 361], [362, 363], [374, 375], [374, 377], [375, 374], [375, 376]], "missing_branches": [[205, 208]]}, "": {"executed_lines": [1, 2, 3, 4, 7, 8, 9, 10, 11, 14, 15, 22, 29, 32, 54, 83, 112, 121, 130, 158, 170, 181, 210, 234, 254, 282, 310, 322, 334, 350, 366], "summary": {"covered_lines": 29, "num_statements": 29, "percent_covered": 100.0, "percent_covered_display": "100.00", "missing_lines": 0, "excluded_lines": 0, "num_branches": 0, "num_partial_branches": 0, "covered_branches": 0, "missing_branches": 0}, "missing_lines": [], "excluded_lines": [], "executed_branches": [], "missing_branches": []}}}, "src/data_collector/watchlist_storage.py": {"executed_lines": [1, 6, 7, 8, 9, 10, 11, 12, 14, 15, 16, 18, 21, 22, 23, 24, 25, 26, 27, 28, 29, 32, 33, 35, 47, 48, 49, 52, 53, 62, 64, 65, 68, 70, 72, 73, 75, 77, 78, 81, 96, 101, 106, 107, 109, 119, 121, 122, 123, 126, 127, 128, 129, 132, 136, 137, 140, 146, 149, 155, 156, 157, 163, 173, 175, 178, 180, 181, 184, 189, 190, 191, 192, 194, 197, 203, 209, 210, 211, 217, 224, 225, 226, 228, 234, 235, 237, 238, 244, 251, 252, 253, 255, 262, 263, 265, 266, 274, 276, 277, 283, 293, 295, 296, 297, 300, 301, 302, 308, 309, 310, 316, 326, 328, 329, 330, 331, 333, 336, 337, 338, 340, 341, 347, 354, 356, 357, 358, 360, 364, 365, 366, 372, 379, 380, 381, 384, 387, 390, 396, 399, 402, 404, 411, 412, 418, 426, 427, 428, 433, 434, 436, 440, 444, 445, 446, 451, 452, 454, 458, 480, 493, 506], "summary": {"covered_lines": 145, "num_statements": 185, "percent_covered": 78.23834196891191, "percent_covered_display": "78.24", "missing_lines": 40, "excluded_lines": 32, "num_branches": 8, "num_partial_branches": 2, "covered_branches": 6, "missing_branches": 2}, "missing_lines": [134, 159, 161, 213, 215, 240, 242, 279, 281, 312, 314, 343, 345, 368, 370, 414, 416, 437, 455, 465, 466, 471, 474, 475, 476, 478, 487, 488, 489, 491, 500, 501, 502, 504, 516, 517, 518, 520, 521, 523], "excluded_lines": [107, 122, 133, 156, 160, 191, 210, 214, 237, 241, 276, 280, 309, 313, 330, 333, 340, 344, 365, 369, 411, 415, 434, 438, 452, 456, 472, 477, 490, 503, 519, 522], "executed_branches": [[300, 301], [300, 308], [337, 338], [427, 428], [445, -440], [445, 446]], "missing_branches": [[337, 336], [427, -418]], "functions": {"WatchlistStorage.__init__": {"executed_lines": [47, 48, 49, 52, 53, 62, 64, 65, 68], "summary": {"covered_lines": 9, "num_statements": 9, "percent_covered": 100.0, "percent_covered_display": "100.00", "missing_lines": 0, "excluded_lines": 0, "num_branches": 0, "num_partial_branches": 0, "covered_branches": 0, "missing_branches": 0}, "missing_lines": [], "excluded_lines": [], "executed_branches": [], "missing_branches": []}, "WatchlistStorage.ensure_db_directory": {"executed_lines": [72, 73], "summary": {"covered_lines": 2, "num_statements": 2, "percent_covered": 100.0, "percent_covered_display": "100.00", "missing_lines": 0, "excluded_lines": 0, "num_branches": 0, "num_partial_branches": 0, "covered_branches": 0, "missing_branches": 0}, "missing_lines": [], "excluded_lines": [], "executed_branches": [], "missing_branches": []}, "WatchlistStorage.initialize_database": {"executed_lines": [77, 78, 81, 96, 101, 106, 107], "summary": {"covered_lines": 6, "num_statements": 6, "percent_covered": 100.0, "percent_covered_display": "100.00", "missing_lines": 0, "excluded_lines": 1, "num_branches": 0, "num_partial_branches": 0, "covered_branches": 0, "missing_branches": 0}, "missing_lines": [], "excluded_lines": [107], "executed_branches": [], "missing_branches": []}, "WatchlistStorage.add_symbol": {"executed_lines": [119, 121, 122, 123, 126, 127, 128, 129, 132, 136, 137, 140, 146, 149, 155, 156, 157], "summary": {"covered_lines": 15, "num_statements": 18, "percent_covered": 83.33333333333333, "percent_covered_display": "83.33", "missing_lines": 3, "excluded_lines": 4, "num_branches": 0, "num_partial_branches": 0, "covered_branches": 0, "missing_branches": 0}, "missing_lines": [134, 159, 161], "excluded_lines": [122, 133, 156, 160], "executed_branches": [], "missing_branches": []}, "WatchlistStorage.remove_symbol": {"executed_lines": [173, 175, 178, 180, 181, 184, 189, 190, 191, 192, 194, 197, 203, 209, 210, 211], "summary": {"covered_lines": 14, "num_statements": 16, "percent_covered": 87.5, "percent_covered_display": "87.50", "missing_lines": 2, "excluded_lines": 3, "num_branches": 0, "num_partial_branches": 0, "covered_branches": 0, "missing_branches": 0}, "missing_lines": [213, 215], "excluded_lines": [191, 210, 214], "executed_branches": [], "missing_branches": []}, "WatchlistStorage.get_symbols": {"executed_lines": [224, 225, 226, 228, 234, 235, 237, 238], "summary": {"covered_lines": 7, "num_statements": 9, "percent_covered": 77.77777777777777, "percent_covered_display": "77.78", "missing_lines": 2, "excluded_lines": 2, "num_branches": 0, "num_partial_branches": 0, "covered_branches": 0, "missing_branches": 0}, "missing_lines": [240, 242], "excluded_lines": [237, 241], "executed_branches": [], "missing_branches": []}, "WatchlistStorage.get_watchlist_items": {"executed_lines": [251, 252, 253, 255, 262, 263, 265, 266, 274, 276, 277], "summary": {"covered_lines": 10, "num_statements": 12, "percent_covered": 83.33333333333333, "percent_covered_display": "83.33", "missing_lines": 2, "excluded_lines": 2, "num_branches": 0, "num_partial_branches": 0, "covered_branches": 0, "missing_branches": 0}, "missing_lines": [279, 281], "excluded_lines": [276, 280], "executed_branches": [], "missing_branches": []}, "WatchlistStorage.reorder_symbols": {"executed_lines": [293, 295, 296, 297, 300, 301, 302, 308, 309, 310], "summary": {"covered_lines": 9, "num_statements": 11, "percent_covered": 84.61538461538461, "percent_covered_display": "84.62", "missing_lines": 2, "excluded_lines": 2, "num_branches": 2, "num_partial_branches": 0, "covered_branches": 2, "missing_branches": 0}, "missing_lines": [312, 314], "excluded_lines": [309, 313], "executed_branches": [[300, 301], [300, 308]], "missing_branches": []}, "WatchlistStorage.migrate_from_session": {"executed_lines": [326, 328, 329, 330, 331, 333, 336, 337, 338, 340, 341], "summary": {"covered_lines": 8, "num_statements": 10, "percent_covered": 75.0, "percent_covered_display": "75.00", "missing_lines": 2, "excluded_lines": 4, "num_branches": 2, "num_partial_branches": 1, "covered_branches": 1, "missing_branches": 1}, "missing_lines": [343, 345], "excluded_lines": [330, 333, 340, 344], "executed_branches": [[337, 338]], "missing_branches": [[337, 336]]}, "WatchlistStorage.clear_watchlist": {"executed_lines": [354, 356, 357, 358, 360, 364, 365, 366], "summary": {"covered_lines": 7, "num_statements": 9, "percent_covered": 77.77777777777777, "percent_covered_display": "77.78", "missing_lines": 2, "excluded_lines": 2, "num_branches": 0, "num_partial_branches": 0, "covered_branches": 0, "missing_branches": 0}, "missing_lines": [368, 370], "excluded_lines": [365, 369], "executed_branches": [], "missing_branches": []}, "WatchlistStorage.get_statistics": {"executed_lines": [379, 380, 381, 384, 387, 390, 396, 399, 402, 404, 411, 412], "summary": {"covered_lines": 11, "num_statements": 13, "percent_covered": 84.61538461538461, "percent_covered_display": "84.62", "missing_lines": 2, "excluded_lines": 2, "num_branches": 0, "num_partial_branches": 0, "covered_branches": 0, "missing_branches": 0}, "missing_lines": [414, 416], "excluded_lines": [411, 415], "executed_branches": [], "missing_branches": []}, "WatchlistStorage._backup_before_operation": {"executed_lines": [426, 427, 428, 433, 434, 436], "summary": {"covered_lines": 5, "num_statements": 6, "percent_covered": 75.0, "percent_covered_display": "75.00", "missing_lines": 1, "excluded_lines": 2, "num_branches": 2, "num_partial_branches": 1, "covered_branches": 1, "missing_branches": 1}, "missing_lines": [437], "excluded_lines": [434, 438], "executed_branches": [[427, 428]], "missing_branches": [[427, -418]]}, "WatchlistStorage._check_daily_backup": {"executed_lines": [444, 445, 446, 451, 452, 454], "summary": {"covered_lines": 5, "num_statements": 6, "percent_covered": 87.5, "percent_covered_display": "87.50", "missing_lines": 1, "excluded_lines": 2, "num_branches": 2, "num_partial_branches": 0, "covered_branches": 2, "missing_branches": 0}, "missing_lines": [455], "excluded_lines": [452, 456], "executed_branches": [[445, -440], [445, 446]], "missing_branches": []}, "WatchlistStorage.create_manual_backup": {"executed_lines": [], "summary": {"covered_lines": 0, "num_statements": 7, "percent_covered": 0.0, "percent_covered_display": "0.00", "missing_lines": 7, "excluded_lines": 2, "num_branches": 0, "num_partial_branches": 0, "covered_branches": 0, "missing_branches": 0}, "missing_lines": [465, 466, 471, 474, 475, 476, 478], "excluded_lines": [472, 477], "executed_branches": [], "missing_branches": []}, "WatchlistStorage.get_backup_info": {"executed_lines": [], "summary": {"covered_lines": 0, "num_statements": 4, "percent_covered": 0.0, "percent_covered_display": "0.00", "missing_lines": 4, "excluded_lines": 1, "num_branches": 0, "num_partial_branches": 0, "covered_branches": 0, "missing_branches": 0}, "missing_lines": [487, 488, 489, 491], "excluded_lines": [490], "executed_branches": [], "missing_branches": []}, "WatchlistStorage.list_available_backups": {"executed_lines": [], "summary": {"covered_lines": 0, "num_statements": 4, "percent_covered": 0.0, "percent_covered_display": "0.00", "missing_lines": 4, "excluded_lines": 1, "num_branches": 0, "num_partial_branches": 0, "covered_branches": 0, "missing_branches": 0}, "missing_lines": [500, 501, 502, 504], "excluded_lines": [503], "executed_branches": [], "missing_branches": []}, "WatchlistStorage.restore_from_backup": {"executed_lines": [], "summary": {"covered_lines": 0, "num_statements": 6, "percent_covered": 0.0, "percent_covered_display": "0.00", "missing_lines": 6, "excluded_lines": 2, "num_branches": 0, "num_partial_branches": 0, "covered_branches": 0, "missing_branches": 0}, "missing_lines": [516, 517, 518, 520, 521, 523], "excluded_lines": [519, 522], "executed_branches": [], "missing_branches": []}, "": {"executed_lines": [1, 6, 7, 8, 9, 10, 11, 12, 14, 15, 16, 18, 21, 22, 23, 24, 25, 26, 27, 28, 29, 32, 33, 35, 70, 75, 109, 163, 217, 244, 283, 316, 347, 372, 418, 440, 458, 480, 493, 506], "summary": {"covered_lines": 37, "num_statements": 37, "percent_covered": 100.0, "percent_covered_display": "100.00", "missing_lines": 0, "excluded_lines": 0, "num_branches": 0, "num_partial_branches": 0, "covered_branches": 0, "missing_branches": 0}, "missing_lines": [], "excluded_lines": [], "executed_branches": [], "missing_branches": []}}, "classes": {"WatchlistItem": {"executed_lines": [], "summary": {"covered_lines": 0, "num_statements": 0, "percent_covered": 100.0, "percent_covered_display": "100.00", "missing_lines": 0, "excluded_lines": 0, "num_branches": 0, "num_partial_branches": 0, "covered_branches": 0, "missing_branches": 0}, "missing_lines": [], "excluded_lines": [], "executed_branches": [], "missing_branches": []}, "WatchlistStorage": {"executed_lines": [47, 48, 49, 52, 53, 62, 64, 65, 68, 72, 73, 77, 78, 81, 96, 101, 106, 107, 119, 121, 122, 123, 126, 127, 128, 129, 132, 136, 137, 140, 146, 149, 155, 156, 157, 173, 175, 178, 180, 181, 184, 189, 190, 191, 192, 194, 197, 203, 209, 210, 211, 224, 225, 226, 228, 234, 235, 237, 238, 251, 252, 253, 255, 262, 263, 265, 266, 274, 276, 277, 293, 295, 296, 297, 300, 301, 302, 308, 309, 310, 326, 328, 329, 330, 331, 333, 336, 337, 338, 340, 341, 354, 356, 357, 358, 360, 364, 365, 366, 379, 380, 381, 384, 387, 390, 396, 399, 402, 404, 411, 412, 426, 427, 428, 433, 434, 436, 444, 445, 446, 451, 452, 454], "summary": {"covered_lines": 108, "num_statements": 148, "percent_covered": 73.07692307692308, "percent_covered_display": "73.08", "missing_lines": 40, "excluded_lines": 32, "num_branches": 8, "num_partial_branches": 2, "covered_branches": 6, "missing_branches": 2}, "missing_lines": [134, 159, 161, 213, 215, 240, 242, 279, 281, 312, 314, 343, 345, 368, 370, 414, 416, 437, 455, 465, 466, 471, 474, 475, 476, 478, 487, 488, 489, 491, 500, 501, 502, 504, 516, 517, 518, 520, 521, 523], "excluded_lines": [107, 122, 133, 156, 160, 191, 210, 214, 237, 241, 276, 280, 309, 313, 330, 333, 340, 344, 365, 369, 411, 415, 434, 438, 452, 456, 472, 477, 490, 503, 519, 522], "executed_branches": [[300, 301], [300, 308], [337, 338], [427, 428], [445, -440], [445, 446]], "missing_branches": [[337, 336], [427, -418]]}, "": {"executed_lines": [1, 6, 7, 8, 9, 10, 11, 12, 14, 15, 16, 18, 21, 22, 23, 24, 25, 26, 27, 28, 29, 32, 33, 35, 70, 75, 109, 163, 217, 244, 283, 316, 347, 372, 418, 440, 458, 480, 493, 506], "summary": {"covered_lines": 37, "num_statements": 37, "percent_covered": 100.0, "percent_covered_display": "100.00", "missing_lines": 0, "excluded_lines": 0, "num_branches": 0, "num_partial_branches": 0, "covered_branches": 0, "missing_branches": 0}, "missing_lines": [], "excluded_lines": [], "executed_branches": [], "missing_branches": []}}}, "src/models/__init__.py": {"executed_lines": [], "summary": {"covered_lines": 0, "num_statements": 0, "percent_covered": 100.0, "percent_covered_display": "100.00", "missing_lines": 0, "excluded_lines": 0, "num_branches": 0, "num_partial_branches": 0, "covered_branches": 0, "missing_branches": 0}, "missing_lines": [], "excluded_lines": [], "executed_branches": [], "missing_branches": [], "functions": {"": {"executed_lines": [], "summary": {"covered_lines": 0, "num_statements": 0, "percent_covered": 100.0, "percent_covered_display": "100.00", "missing_lines": 0, "excluded_lines": 0, "num_branches": 0, "num_partial_branches": 0, "covered_branches": 0, "missing_branches": 0}, "missing_lines": [], "excluded_lines": [], "executed_branches": [], "missing_branches": []}}, "classes": {"": {"executed_lines": [], "summary": {"covered_lines": 0, "num_statements": 0, "percent_covered": 100.0, "percent_covered_display": "100.00", "missing_lines": 0, "excluded_lines": 0, "num_branches": 0, "num_partial_branches": 0, "covered_branches": 0, "missing_branches": 0}, "missing_lines": [], "excluded_lines": [], "executed_branches": [], "missing_branches": []}}}, "src/performance_tracking/__init__.py": {"executed_lines": [1, 7, 8, 9, 10, 11, 13], "summary": {"covered_lines": 6, "num_statements": 6, "percent_covered": 100.0, "percent_covered_display": "100.00", "missing_lines": 0, "excluded_lines": 0, "num_branches": 0, "num_partial_branches": 0, "covered_branches": 0, "missing_branches": 0}, "missing_lines": [], "excluded_lines": [], "executed_branches": [], "missing_branches": [], "functions": {"": {"executed_lines": [1, 7, 8, 9, 10, 11, 13], "summary": {"covered_lines": 6, "num_statements": 6, "percent_covered": 100.0, "percent_covered_display": "100.00", "missing_lines": 0, "excluded_lines": 0, "num_branches": 0, "num_partial_branches": 0, "covered_branches": 0, "missing_branches": 0}, "missing_lines": [], "excluded_lines": [], "executed_branches": [], "missing_branches": []}}, "classes": {"": {"executed_lines": [1, 7, 8, 9, 10, 11, 13], "summary": {"covered_lines": 6, "num_statements": 6, "percent_covered": 100.0, "percent_covered_display": "100.00", "missing_lines": 0, "excluded_lines": 0, "num_branches": 0, "num_partial_branches": 0, "covered_branches": 0, "missing_branches": 0}, "missing_lines": [], "excluded_lines": [], "executed_branches": [], "missing_branches": []}}}, "src/performance_tracking/improvement_suggestions.py": {"executed_lines": [1, 8, 9, 10, 11, 12, 13, 14, 16, 17, 18, 21, 22, 23, 24, 25, 26, 27, 28, 31, 32, 33, 34, 35, 36, 39, 40, 41, 42, 43, 44, 46, 47, 50, 53, 54, 57, 60, 63, 66, 68, 70, 86, 87, 89, 101, 102, 103, 105, 107, 120, 121, 124, 125, 127, 132, 133, 134, 137, 138, 139, 141, 144, 147, 150, 153, 156, 159, 162, 165, 168, 171, 174, 177, 180, 187, 189, 190, 192, 193, 194, 196, 201, 203, 205, 206, 207, 210, 240, 241, 269, 272, 273, 275, 276, 302, 304, 305, 307, 309, 314, 316, 318, 321, 322, 324, 325, 326, 327, 333, 334, 360, 363, 392, 393, 395, 397, 401, 403, 405, 410, 411, 414, 415, 445, 446, 448, 481, 483, 488, 490, 492, 495, 496, 498, 507, 538, 568, 569, 571, 573, 577, 579, 581, 586, 587, 590, 591, 621, 622, 650, 651, 653, 655, 661, 663, 665, 666, 669, 699, 700, 731, 733, 746, 747, 748, 751, 752, 753, 754, 757, 758, 759, 760, 763, 764, 766, 767, 768, 771, 773, 797, 803], "summary": {"covered_lines": 169, "num_statements": 216, "percent_covered": 72.26277372262774, "percent_covered_display": "72.26", "missing_lines": 47, "excluded_lines": 14, "num_branches": 58, "num_partial_branches": 15, "covered_branches": 29, "missing_branches": 29}, "missing_lines": [211, 237, 328, 329, 330, 364, 390, 416, 442, 449, 450, 476, 478, 499, 500, 501, 502, 503, 504, 508, 509, 535, 539, 540, 566, 592, 618, 623, 648, 670, 696, 701, 726, 728, 799, 801, 818, 819, 825, 826, 827, 829, 830, 831, 834, 836, 838], "excluded_lines": [105, 121, 133, 189, 193, 305, 393, 479, 569, 651, 729, 800, 833, 837], "executed_branches": [[210, 240], [240, 241], [240, 272], [275, 276], [275, 307], [324, 325], [324, 333], [325, 326], [326, 327], [333, 334], [363, 395], [410, 411], [410, 414], [415, 445], [448, 481], [498, 507], [507, 538], [538, 571], [586, 587], [586, 590], [591, 621], [622, 653], [669, 699], [700, 731], [747, 748], [747, 751], [766, 767], [766, 771], [767, 768]], "missing_branches": [[210, 211], [325, 328], [326, 324], [328, 324], [328, 329], [329, 324], [329, 330], [333, 363], [363, 364], [415, 416], [448, 449], [498, 499], [499, 500], [499, 502], [500, 498], [500, 501], [502, 498], [502, 503], [503, 498], [503, 504], [507, 508], [538, 539], [591, 592], [622, 623], [669, 670], [700, 701], [767, 766], [825, 826], [825, 829]], "functions": {"ImprovementSuggestion.to_dict": {"executed_lines": [70], "summary": {"covered_lines": 1, "num_statements": 1, "percent_covered": 100.0, "percent_covered_display": "100.00", "missing_lines": 0, "excluded_lines": 0, "num_branches": 0, "num_partial_branches": 0, "covered_branches": 0, "missing_branches": 0}, "missing_lines": [], "excluded_lines": [], "executed_branches": [], "missing_branches": []}, "ImprovementSuggestionEngine.__init__": {"executed_lines": [101, 102, 103, 105], "summary": {"covered_lines": 3, "num_statements": 3, "percent_covered": 100.0, "percent_covered_display": "100.00", "missing_lines": 0, "excluded_lines": 1, "num_branches": 0, "num_partial_branches": 0, "covered_branches": 0, "missing_branches": 0}, "missing_lines": [], "excluded_lines": [105], "executed_branches": [], "missing_branches": []}, "ImprovementSuggestionEngine.generate_suggestions": {"executed_lines": [120, 121, 124, 125, 127, 132, 133, 134, 137, 138, 139, 141, 144, 147, 150, 153, 156, 159, 162, 165, 168, 171, 174, 177, 180, 187, 189, 190, 192, 193, 194], "summary": {"covered_lines": 27, "num_statements": 27, "percent_covered": 100.0, "percent_covered_display": "100.00", "missing_lines": 0, "excluded_lines": 4, "num_branches": 0, "num_partial_branches": 0, "covered_branches": 0, "missing_branches": 0}, "missing_lines": [], "excluded_lines": [121, 133, 189, 193], "executed_branches": [], "missing_branches": []}, "ImprovementSuggestionEngine._generate_risk_management_suggestions": {"executed_lines": [201, 203, 205, 206, 207, 210, 240, 241, 269, 272, 273, 275, 276, 302, 304, 305, 307], "summary": {"covered_lines": 16, "num_statements": 18, "percent_covered": 87.5, "percent_covered_display": "87.50", "missing_lines": 2, "excluded_lines": 1, "num_branches": 6, "num_partial_branches": 1, "covered_branches": 5, "missing_branches": 1}, "missing_lines": [211, 237], "excluded_lines": [305], "executed_branches": [[210, 240], [240, 241], [240, 272], [275, 276], [275, 307]], "missing_branches": [[210, 211]]}, "ImprovementSuggestionEngine._generate_timing_suggestions": {"executed_lines": [314, 316, 318, 321, 322, 324, 325, 326, 327, 333, 334, 360, 363, 392, 393, 395], "summary": {"covered_lines": 15, "num_statements": 20, "percent_covered": 61.76470588235294, "percent_covered_display": "61.76", "missing_lines": 5, "excluded_lines": 1, "num_branches": 14, "num_partial_branches": 4, "covered_branches": 6, "missing_branches": 8}, "missing_lines": [328, 329, 330, 364, 390], "excluded_lines": [393], "executed_branches": [[324, 325], [324, 333], [325, 326], [326, 327], [333, 334], [363, 395]], "missing_branches": [[325, 328], [326, 324], [328, 324], [328, 329], [329, 324], [329, 330], [333, 363], [363, 364]]}, "ImprovementSuggestionEngine._generate_position_sizing_suggestions": {"executed_lines": [401, 403, 405, 410, 411, 414, 415, 445, 446, 448, 481], "summary": {"covered_lines": 11, "num_statements": 17, "percent_covered": 65.21739130434783, "percent_covered_display": "65.22", "missing_lines": 6, "excluded_lines": 1, "num_branches": 6, "num_partial_branches": 2, "covered_branches": 4, "missing_branches": 2}, "missing_lines": [416, 442, 449, 450, 476, 478], "excluded_lines": [479], "executed_branches": [[410, 411], [410, 414], [415, 445], [448, 481]], "missing_branches": [[415, 416], [448, 449]]}, "ImprovementSuggestionEngine._generate_strategy_suggestions": {"executed_lines": [488, 490, 492, 495, 496, 498, 507, 538, 568, 569, 571], "summary": {"covered_lines": 10, "num_statements": 22, "percent_covered": 36.111111111111114, "percent_covered_display": "36.11", "missing_lines": 12, "excluded_lines": 1, "num_branches": 14, "num_partial_branches": 3, "covered_branches": 3, "missing_branches": 11}, "missing_lines": [499, 500, 501, 502, 503, 504, 508, 509, 535, 539, 540, 566], "excluded_lines": [569], "executed_branches": [[498, 507], [507, 538], [538, 571]], "missing_branches": [[498, 499], [499, 500], [499, 502], [500, 498], [500, 501], [502, 498], [502, 503], [503, 498], [503, 504], [507, 508], [538, 539]]}, "ImprovementSuggestionEngine._generate_psychology_suggestions": {"executed_lines": [577, 579, 581, 586, 587, 590, 591, 621, 622, 650, 651, 653], "summary": {"covered_lines": 11, "num_statements": 15, "percent_covered": 71.42857142857143, "percent_covered_display": "71.43", "missing_lines": 4, "excluded_lines": 1, "num_branches": 6, "num_partial_branches": 2, "covered_branches": 4, "missing_branches": 2}, "missing_lines": [592, 618, 623, 648], "excluded_lines": [651], "executed_branches": [[586, 587], [586, 590], [591, 621], [622, 653]], "missing_branches": [[591, 592], [622, 623]]}, "ImprovementSuggestionEngine._generate_education_suggestions": {"executed_lines": [661, 663, 665, 666, 669, 699, 700, 731], "summary": {"covered_lines": 8, "num_statements": 13, "percent_covered": 58.8235294117647, "percent_covered_display": "58.82", "missing_lines": 5, "excluded_lines": 1, "num_branches": 4, "num_partial_branches": 2, "covered_branches": 2, "missing_branches": 2}, "missing_lines": [670, 696, 701, 726, 728], "excluded_lines": [729], "executed_branches": [[669, 699], [700, 731]], "missing_branches": [[669, 670], [700, 701]]}, "ImprovementSuggestionEngine.create_improvement_plan": {"executed_lines": [746, 747, 748, 751, 752, 753, 754, 757, 758, 759, 760, 763, 764, 766, 767, 768, 771, 773, 797], "summary": {"covered_lines": 19, "num_statements": 21, "percent_covered": 88.88888888888889, "percent_covered_display": "88.89", "missing_lines": 2, "excluded_lines": 1, "num_branches": 6, "num_partial_branches": 1, "covered_branches": 5, "missing_branches": 1}, "missing_lines": [799, 801], "excluded_lines": [800], "executed_branches": [[747, 748], [747, 751], [766, 767], [766, 771], [767, 768]], "missing_branches": [[767, 766]]}, "ImprovementSuggestionEngine.export_suggestions": {"executed_lines": [], "summary": {"covered_lines": 0, "num_statements": 11, "percent_covered": 0.0, "percent_covered_display": "0.00", "missing_lines": 11, "excluded_lines": 2, "num_branches": 2, "num_partial_branches": 0, "covered_branches": 0, "missing_branches": 2}, "missing_lines": [818, 819, 825, 826, 827, 829, 830, 831, 834, 836, 838], "excluded_lines": [833, 837], "executed_branches": [], "missing_branches": [[825, 826], [825, 829]]}, "": {"executed_lines": [1, 8, 9, 10, 11, 12, 13, 14, 16, 17, 18, 21, 22, 23, 24, 25, 26, 27, 28, 31, 32, 33, 34, 35, 36, 39, 40, 41, 42, 43, 44, 46, 47, 50, 53, 54, 57, 60, 63, 66, 68, 86, 87, 89, 107, 196, 309, 397, 483, 573, 655, 733, 803], "summary": {"covered_lines": 48, "num_statements": 48, "percent_covered": 100.0, "percent_covered_display": "100.00", "missing_lines": 0, "excluded_lines": 0, "num_branches": 0, "num_partial_branches": 0, "covered_branches": 0, "missing_branches": 0}, "missing_lines": [], "excluded_lines": [], "executed_branches": [], "missing_branches": []}}, "classes": {"SuggestionCategory": {"executed_lines": [], "summary": {"covered_lines": 0, "num_statements": 0, "percent_covered": 100.0, "percent_covered_display": "100.00", "missing_lines": 0, "excluded_lines": 0, "num_branches": 0, "num_partial_branches": 0, "covered_branches": 0, "missing_branches": 0}, "missing_lines": [], "excluded_lines": [], "executed_branches": [], "missing_branches": []}, "SuggestionPriority": {"executed_lines": [], "summary": {"covered_lines": 0, "num_statements": 0, "percent_covered": 100.0, "percent_covered_display": "100.00", "missing_lines": 0, "excluded_lines": 0, "num_branches": 0, "num_partial_branches": 0, "covered_branches": 0, "missing_branches": 0}, "missing_lines": [], "excluded_lines": [], "executed_branches": [], "missing_branches": []}, "ImprovementSuggestion": {"executed_lines": [70], "summary": {"covered_lines": 1, "num_statements": 1, "percent_covered": 100.0, "percent_covered_display": "100.00", "missing_lines": 0, "excluded_lines": 0, "num_branches": 0, "num_partial_branches": 0, "covered_branches": 0, "missing_branches": 0}, "missing_lines": [], "excluded_lines": [], "executed_branches": [], "missing_branches": []}, "ImprovementSuggestionEngine": {"executed_lines": [101, 102, 103, 105, 120, 121, 124, 125, 127, 132, 133, 134, 137, 138, 139, 141, 144, 147, 150, 153, 156, 159, 162, 165, 168, 171, 174, 177, 180, 187, 189, 190, 192, 193, 194, 201, 203, 205, 206, 207, 210, 240, 241, 269, 272, 273, 275, 276, 302, 304, 305, 307, 314, 316, 318, 321, 322, 324, 325, 326, 327, 333, 334, 360, 363, 392, 393, 395, 401, 403, 405, 410, 411, 414, 415, 445, 446, 448, 481, 488, 490, 492, 495, 496, 498, 507, 538, 568, 569, 571, 577, 579, 581, 586, 587, 590, 591, 621, 622, 650, 651, 653, 661, 663, 665, 666, 669, 699, 700, 731, 746, 747, 748, 751, 752, 753, 754, 757, 758, 759, 760, 763, 764, 766, 767, 768, 771, 773, 797], "summary": {"covered_lines": 120, "num_statements": 167, "percent_covered": 66.22222222222223, "percent_covered_display": "66.22", "missing_lines": 47, "excluded_lines": 14, "num_branches": 58, "num_partial_branches": 15, "covered_branches": 29, "missing_branches": 29}, "missing_lines": [211, 237, 328, 329, 330, 364, 390, 416, 442, 449, 450, 476, 478, 499, 500, 501, 502, 503, 504, 508, 509, 535, 539, 540, 566, 592, 618, 623, 648, 670, 696, 701, 726, 728, 799, 801, 818, 819, 825, 826, 827, 829, 830, 831, 834, 836, 838], "excluded_lines": [105, 121, 133, 189, 193, 305, 393, 479, 569, 651, 729, 800, 833, 837], "executed_branches": [[210, 240], [240, 241], [240, 272], [275, 276], [275, 307], [324, 325], [324, 333], [325, 326], [326, 327], [333, 334], [363, 395], [410, 411], [410, 414], [415, 445], [448, 481], [498, 507], [507, 538], [538, 571], [586, 587], [586, 590], [591, 621], [622, 653], [669, 699], [700, 731], [747, 748], [747, 751], [766, 767], [766, 771], [767, 768]], "missing_branches": [[210, 211], [325, 328], [326, 324], [328, 324], [328, 329], [329, 324], [329, 330], [333, 363], [363, 364], [415, 416], [448, 449], [498, 499], [499, 500], [499, 502], [500, 498], [500, 501], [502, 498], [502, 503], [503, 498], [503, 504], [507, 508], [538, 539], [591, 592], [622, 623], [669, 670], [700, 701], [767, 766], [825, 826], [825, 829]]}, "": {"executed_lines": [1, 8, 9, 10, 11, 12, 13, 14, 16, 17, 18, 21, 22, 23, 24, 25, 26, 27, 28, 31, 32, 33, 34, 35, 36, 39, 40, 41, 42, 43, 44, 46, 47, 50, 53, 54, 57, 60, 63, 66, 68, 86, 87, 89, 107, 196, 309, 397, 483, 573, 655, 733, 803], "summary": {"covered_lines": 48, "num_statements": 48, "percent_covered": 100.0, "percent_covered_display": "100.00", "missing_lines": 0, "excluded_lines": 0, "num_branches": 0, "num_partial_branches": 0, "covered_branches": 0, "missing_branches": 0}, "missing_lines": [], "excluded_lines": [], "executed_branches": [], "missing_branches": []}}}, "src/performance_tracking/pattern_analyzer.py": {"executed_lines": [1, 8, 9, 10, 11, 12, 13, 14, 15, 16, 17, 19, 22, 23, 24, 25, 26, 29, 30, 31, 32, 33, 34, 35, 38, 41, 42, 43, 44, 47, 50, 53, 55, 57, 73, 74, 76, 83, 84, 86, 88, 103, 105, 106, 108, 113, 114, 115, 117, 120, 123, 124, 127, 128, 131, 132, 135, 136, 139, 140, 143, 144, 147, 150, 152, 153, 155, 156, 157, 159, 161, 163, 165, 171, 172, 173, 175, 176, 177, 178, 179, 180, 181, 184, 185, 186, 188, 189, 190, 191, 194, 195, 196, 197, 202, 204, 222, 224, 225, 227, 229, 231, 233, 235, 236, 238, 239, 240, 241, 242, 244, 245, 248, 255, 256, 261, 262, 264, 265, 266, 267, 270, 271, 272, 275, 277, 279, 298, 300, 301, 303, 305, 307, 309, 311, 313, 314, 315, 316, 317, 318, 320, 321, 324, 325, 326, 327, 330, 331, 332, 333, 337, 339, 356, 361, 363, 365, 367, 369, 371, 372, 373, 374, 375, 376, 378, 379, 382, 383, 384, 385, 388, 389, 395, 397, 414, 416, 417, 419, 421, 423, 425, 427, 429, 430, 431, 432, 433, 434, 436, 437, 440, 441, 442, 443, 446, 447, 448, 449, 453, 455, 472, 477, 479, 481, 483, 485, 487, 488, 489, 490, 491, 493, 494, 497, 498, 499, 500, 503, 504, 505, 506, 508, 510, 512, 529, 531, 532, 534, 536, 538, 543, 545, 555, 561, 562, 563, 567, 571, 579, 581, 592, 593, 598, 599, 601, 602], "summary": {"covered_lines": 233, "num_statements": 252, "percent_covered": 90.17341040462428, "percent_covered_display": "90.17", "missing_lines": 19, "excluded_lines": 14, "num_branches": 94, "num_partial_branches": 13, "covered_branches": 79, "missing_branches": 15}, "missing_lines": [199, 273, 322, 335, 358, 380, 390, 391, 393, 438, 451, 474, 495, 564, 568, 572, 576, 604, 606], "excluded_lines": [86, 114, 117, 152, 156, 225, 301, 359, 417, 475, 532, 577, 601, 605], "executed_bran
[...]
hes": 5}, "missing_lines": [470, 478, 492, 498, 500, 510, 518, 524, 526, 536], "excluded_lines": [], "executed_branches": [[469, 472], [476, 477], [476, 538], [477, 480], [484, 476], [484, 486], [486, 488], [486, 512], [488, 484], [512, 514], [514, 484]], "missing_branches": [[469, 470], [477, 478], [488, 492], [512, 484], [514, 518]]}, "SupportResistanceDetector.analyze_time_based_strength": {"executed_lines": [553, 556, 565, 566, 571, 574, 583, 584, 587, 588, 593, 594, 601, 603], "summary": {"covered_lines": 14, "num_statements": 15, "percent_covered": 86.95652173913044, "percent_covered_display": "86.96", "missing_lines": 1, "excluded_lines": 0, "num_branches": 8, "num_partial_branches": 2, "covered_branches": 6, "missing_branches": 2}, "missing_lines": [572], "excluded_lines": [], "executed_branches": [[565, 566], [565, 603], [571, 574], [583, 584], [583, 601], [593, 594]], "missing_branches": [[571, 572], [593, 583]]}, "SupportResistanceDetector._calculate_rejection_rate": {"executed_lines": [616, 619, 621, 622, 624, 625, 628, 629, 631], "summary": {"covered_lines": 9, "num_statements": 10, "percent_covered": 90.0, "percent_covered_display": "90.00", "missing_lines": 1, "excluded_lines": 0, "num_branches": 10, "num_partial_branches": 1, "covered_branches": 9, "missing_branches": 1}, "missing_lines": [617], "excluded_lines": [], "executed_branches": [[616, 619], [621, 622], [621, 631], [622, 624], [622, 628], [624, 621], [624, 625], [628, 621], [628, 629]], "missing_branches": [[616, 617]]}, "SupportResistanceDetector.comprehensive_analysis": {"executed_lines": [642, 645, 648, 649, 652, 655, 658, 659, 660, 663, 665, 681, 682], "summary": {"covered_lines": 11, "num_statements": 11, "percent_covered": 100.0, "percent_covered_display": "100.00", "missing_lines": 0, "excluded_lines": 2, "num_branches": 0, "num_partial_branches": 0, "covered_branches": 0, "missing_branches": 0}, "missing_lines": [], "excluded_lines": [642, 681], "executed_branches": [], "missing_branches": []}, "SupportResistanceDetector._find_nearest_level": {"executed_lines": [689, 691, 692, 694, 696, 697, 698, 701, 702, 703], "summary": {"covered_lines": 10, "num_statements": 11, "percent_covered": 84.21052631578948, "percent_covered_display": "84.21", "missing_lines": 1, "excluded_lines": 0, "num_branches": 8, "num_partial_branches": 2, "covered_branches": 6, "missing_branches": 2}, "missing_lines": [706], "excluded_lines": [], "executed_branches": [[691, 692], [691, 694], [694, 696], [694, 701], [697, 698], [702, 703]], "missing_branches": [[697, 706], [702, 706]]}, "SupportResistanceDetector._assess_market_condition": {"executed_lines": [712, 715, 719, 720, 722, 723, 726, 733, 735, 736, 737, 740], "summary": {"covered_lines": 12, "num_statements": 19, "percent_covered": 54.83870967741935, "percent_covered_display": "54.84", "missing_lines": 7, "excluded_lines": 0, "num_branches": 12, "num_partial_branches": 3, "covered_branches": 5, "missing_branches": 7}, "missing_lines": [727, 728, 729, 730, 731, 734, 738], "excluded_lines": [], "executed_branches": [[726, 733], [733, 735], [735, 736], [735, 737], [737, 740]], "missing_branches": [[726, 727], [728, 729], [728, 730], [730, 731], [730, 733], [733, 734], [737, 738]]}, "SupportResistanceDetector._generate_trading_recommendations": {"executed_lines": [748, 749, 752, 753, 754, 756, 757, 758, 760, 765, 766, 767, 768, 769, 770, 771, 774, 777, 785, 786, 788], "summary": {"covered_lines": 21, "num_statements": 27, "percent_covered": 65.95744680851064, "percent_covered_display": "65.96", "missing_lines": 6, "excluded_lines": 0, "num_branches": 20, "num_partial_branches": 6, "covered_branches": 10, "missing_branches": 10}, "missing_lines": [761, 762, 778, 779, 780, 782], "excluded_lines": [], "executed_branches": [[752, 753], [752, 774], [756, 757], [760, 765], [765, 766], [768, 769], [770, 771], [777, 785], [785, 786], [785, 788]], "missing_branches": [[756, 760], [760, 761], [765, 774], [768, 774], [770, 774], [777, 778], [778, 777], [778, 779], [779, 780], [779, 782]]}, "": {"executed_lines": [1, 2, 3, 4, 5, 6, 7, 8, 10, 13, 14, 15, 16, 17, 18, 19, 20, 21, 22, 23, 26, 27, 28, 29, 30, 31, 34, 35, 36, 37, 38, 39, 40, 41, 42, 43, 44, 47, 48, 53, 78, 89, 105, 141, 202, 243, 314, 341, 416, 454, 542, 605, 635, 684, 708, 742], "summary": {"covered_lines": 52, "num_statements": 52, "percent_covered": 100.0, "percent_covered_display": "100.00", "missing_lines": 0, "excluded_lines": 0, "num_branches": 0, "num_partial_branches": 0, "covered_branches": 0, "missing_branches": 0}, "missing_lines": [], "excluded_lines": [], "executed_branches": [], "missing_branches": []}}, "classes": {"SupportResistanceLevel": {"executed_lines": [], "summary": {"covered_lines": 0, "num_statements": 0, "percent_covered": 100.0, "percent_covered_display": "100.00", "missing_lines": 0, "excluded_lines": 0, "num_branches": 0, "num_partial_branches": 0, "covered_branches": 0, "missing_branches": 0}, "missing_lines": [], "excluded_lines": [], "executed_branches": [], "missing_branches": []}, "PivotPoint": {"executed_lines": [], "summary": {"covered_lines": 0, "num_statements": 0, "percent_covered": 100.0, "percent_covered_display": "100.00", "missing_lines": 0, "excluded_lines": 0, "num_branches": 0, "num_partial_branches": 0, "covered_branches": 0, "missing_branches": 0}, "missing_lines": [], "excluded_lines": [], "executed_branches": [], "missing_branches": []}, "BreakoutEvent": {"executed_lines": [], "summary": {"covered_lines": 0, "num_statements": 0, "percent_covered": 100.0, "percent_covered_display": "100.00", "missing_lines": 0, "excluded_lines": 0, "num_branches": 0, "num_partial_branches": 0, "covered_branches": 0, "missing_branches": 0}, "missing_lines": [], "excluded_lines": [], "executed_branches": [], "missing_branches": []}, "SupportResistanceDetector": {"executed_lines": [66, 67, 68, 69, 71, 72, 75, 76, 80, 81, 83, 84, 86, 87, 92, 96, 99, 100, 101, 118, 119, 121, 122, 125, 126, 129, 130, 133, 134, 136, 156, 157, 159, 162, 163, 165, 166, 167, 170, 171, 172, 175, 176, 177, 179, 180, 181, 182, 183, 185, 188, 189, 198, 200, 218, 221, 222, 223, 226, 227, 228, 231, 232, 233, 236, 237, 239, 256, 257, 258, 261, 263, 266, 267, 268, 270, 272, 273, 274, 284, 287, 288, 289, 291, 293, 294, 295, 305, 308, 309, 311, 312, 325, 328, 330, 333, 334, 335, 337, 351, 352, 356, 358, 359, 360, 361, 367, 369, 370, 371, 372, 373, 375, 376, 377, 379, 392, 395, 398, 399, 400, 403, 404, 405, 407, 413, 414, 423, 427, 428, 429, 431, 434, 439, 440, 441, 442, 443, 445, 446, 447, 448, 450, 469, 472, 473, 476, 477, 480, 481, 482, 484, 486, 488, 512, 514, 538, 553, 556, 565, 566, 571, 574, 583, 584, 587, 588, 593, 594, 601, 603, 616, 619, 621, 622, 624, 625, 628, 629, 631, 642, 645, 648, 649, 652, 655, 658, 659, 660, 663, 665, 681, 682, 689, 691, 692, 694, 696, 697, 698, 701, 702, 703, 712, 715, 719, 720, 722, 723, 726, 733, 735, 736, 737, 740, 748, 749, 752, 753, 754, 756, 757, 758, 760, 765, 766, 767, 768, 769, 770, 771, 774, 777, 785, 786, 788], "summary": {"covered_lines": 233, "num_statements": 274, "percent_covered": 80.5, "percent_covered_display": "80.50", "missing_lines": 41, "excluded_lines": 3, "num_branches": 126, "num_partial_branches": 27, "covered_branches": 89, "missing_branches": 37}, "missing_lines": [93, 160, 353, 363, 364, 365, 381, 382, 383, 384, 385, 387, 388, 389, 424, 470, 478, 492, 498, 500, 510, 518, 524, 526, 536, 572, 617, 706, 727, 728, 729, 730, 731, 734, 738, 761, 762, 778, 779, 780, 782], "excluded_lines": [87, 642, 681], "executed_branches": [[83, 84], [83, 86], [92, 96], [118, 119], [118, 121], [156, 157], [156, 159], [159, 162], [165, 166], [165, 200], [166, 167], [166, 170], [175, 176], [175, 185], [176, 177], [176, 179], [179, 175], [179, 180], [188, 165], [188, 189], [257, 258], [257, 261], [266, 267], [266, 287], [272, 273], [272, 287], [273, 274], [287, 288], [287, 308], [293, 294], [293, 308], [294, 295], [352, 356], [356, 358], [356, 367], [358, 359], [367, 369], [367, 379], [369, 370], [369, 375], [379, 392], [423, 427], [469, 472], [476, 477], [476, 538], [477, 480], [484, 476], [484, 486], [486, 488], [486, 512], [488, 484], [512, 514], [514, 484], [565, 566], [565, 603], [571, 574], [583, 584], [583, 601], [593, 594], [616, 619], [621, 622], [621, 631], [622, 624], [622, 628], [624, 621], [624, 625], [628, 621], [628, 629], [691, 692], [691, 694], [694, 696], [694, 701], [697, 698], [702, 703], [726, 733], [733, 735], [735, 736], [735, 737], [737, 740], [752, 753], [752, 774], [756, 757], [760, 765], [765, 766], [768, 769], [770, 771], [777, 785], [785, 786], [785, 788]], "missing_branches": [[92, 93], [159, 160], [273, 272], [294, 293], [352, 353], [358, 363], [379, 381], [381, 382], [381, 387], [423, 424], [469, 470], [477, 478], [488, 492], [512, 484], [514, 518], [571, 572], [593, 583], [616, 617], [697, 706], [702, 706], [726, 727], [728, 729], [728, 730], [730, 731], [730, 733], [733, 734], [737, 738], [756, 760], [760, 761], [765, 774], [768, 774], [770, 774], [777, 778], [778, 777], [778, 779], [779, 780], [779, 782]]}, "": {"executed_lines": [1, 2, 3, 4, 5, 6, 7, 8, 10, 13, 14, 15, 16, 17, 18, 19, 20, 21, 22, 23, 26, 27, 28, 29, 30, 31, 34, 35, 36, 37, 38, 39, 40, 41, 42, 43, 44, 47, 48, 53, 78, 89, 105, 141, 202, 243, 314, 341, 416, 454, 542, 605, 635, 684, 708, 742], "summary": {"covered_lines": 52, "num_statements": 52, "percent_covered": 100.0, "percent_covered_display": "100.00", "missing_lines": 0, "excluded_lines": 0, "num_branches": 0, "num_partial_branches": 0, "covered_branches": 0, "missing_branches": 0}, "missing_lines": [], "excluded_lines": [], "executed_branches": [], "missing_branches": []}}}, "src/utils/__init__.py": {"executed_lines": [], "summary": {"covered_lines": 0, "num_statements": 0, "percent_covered": 100.0, "percent_covered_display": "100.00", "missing_lines": 0, "excluded_lines": 0, "num_branches": 0, "num_partial_branches": 0, "covered_branches": 0, "missing_branches": 0}, "missing_lines": [], "excluded_lines": [], "executed_branches": [], "missing_branches": [], "functions": {"": {"executed_lines": [], "summary": {"covered_lines": 0, "num_statements": 0, "percent_covered": 100.0, "percent_covered_display": "100.00", "missing_lines": 0, "excluded_lines": 0, "num_branches": 0, "num_partial_branches": 0, "covered_branches": 0, "missing_branches": 0}, "missing_lines": [], "excluded_lines": [], "executed_branches": [], "missing_branches": []}}, "classes": {"": {"executed_lines": [], "summary": {"covered_lines": 0, "num_statements": 0, "percent_covered": 100.0, "percent_covered_display": "100.00", "missing_lines": 0, "excluded_lines": 0, "num_branches": 0, "num_partial_branches": 0, "covered_branches": 0, "missing_branches": 0}, "missing_lines": [], "excluded_lines": [], "executed_branches": [], "missing_branches": []}}}, "src/utils/data_validator.py": {"executed_lines": [1, 2, 3, 4, 5, 8, 9, 14, 16, 17, 18, 20, 31, 32, 38, 39, 41, 42, 49, 52, 55, 57, 70, 71, 73, 75, 77, 79, 80, 82, 100, 102, 103, 104, 106, 108, 114, 116, 117, 119, 120, 122, 123, 130, 131, 133, 134, 141, 149, 150, 158, 159, 161, 163, 165, 171, 173, 174, 175, 178, 179, 180, 181, 184, 185, 186, 187, 190, 191, 192, 194, 195, 196, 199, 200, 202, 203, 204, 206, 208, 210, 212, 213, 214, 217, 218, 221, 222, 223, 226, 228, 229, 230, 240, 242, 253, 255, 257, 258, 259, 260, 261, 262, 265, 268, 269, 271, 274, 275, 276, 277, 278, 280, 281, 285, 287, 291, 292, 293, 295, 298, 300, 301, 302, 304, 306, 321, 323, 324, 326, 327, 329, 330, 331, 332, 333, 334, 335, 337, 338, 339, 342, 343, 344, 345, 351], "summary": {"covered_lines": 135, "num_statements": 138, "percent_covered": 97.87234042553192, "percent_covered_display": "97.87", "missing_lines": 3, "excluded_lines": 14, "num_branches": 50, "num_partial_branches": 1, "covered_branches": 49, "missing_branches": 1}, "missing_lines": [237, 347, 349], "excluded_lines": [71, 73, 103, 159, 203, 238, 262, 288, 296, 298, 301, 339, 345, 348], "executed_branches": [[31, 32], [31, 38], [41, 42], [41, 49], [122, 123], [122, 130], [133, 134], [133, 141], [149, 150], [149, 161], [174, 175], [174, 178], [178, 179], [178, 184], [180, 178], [180, 181], [184, 185], [184, 190], [186, 184], [186, 187], [191, 192], [191, 194], [195, 196], [195, 199], [199, 200], [199, 206], [213, 214], [213, 217], [222, 223], [228, 229], [228, 240], [229, 228], [229, 230], [257, 258], [257, 265], [269, 271], [269, 291], [326, 327], [326, 342], [329, 326], [329, 330], [330, 331], [330, 332], [332, 333], [332, 334], [334, 335], [334, 337], [343, 344], [343, 351]], "missing_branches": [[222, 240]], "functions": {"DataValidator.__init__": {"executed_lines": [16, 17, 18], "summary": {"covered_lines": 3, "num_statements": 3, "percent_covered": 100.0, "percent_covered_display": "100.00", "missing_lines": 0, "excluded_lines": 0, "num_branches": 0, "num_partial_branches": 0, "covered_branches": 0, "missing_branches": 0}, "missing_lines": [], "excluded_lines": [], "executed_branches": [], "missing_branches": []}, "DataValidator.validate_dataframe": {"executed_lines": [31, 32, 38, 39, 41, 42, 49, 52, 55, 57, 70, 71, 73, 75], "summary": {"covered_lines": 12, "num_statements": 12, "percent_covered": 100.0, "percent_covered_display": "100.00", "missing_lines": 0, "excluded_lines": 2, "num_branches": 4, "num_partial_branches": 0, "covered_branches": 4, "missing_branches": 0}, "missing_lines": [], "excluded_lines": [71, 73], "executed_branches": [[31, 32], [31, 38], [41, 42], [41, 49]], "missing_branches": []}, "DataValidator._calculate_basic_stats": {"executed_lines": [79, 80, 82, 100, 102, 103, 104], "summary": {"covered_lines": 6, "num_statements": 6, "percent_covered": 100.0, "percent_covered_display": "100.00", "missing_lines": 0, "excluded_lines": 1, "num_branches": 0, "num_partial_branches": 0, "covered_branches": 0, "missing_branches": 0}, "missing_lines": [], "excluded_lines": [103], "executed_branches": [], "missing_branches": []}, "DataValidator._detect_anomalies": {"executed_lines": [108, 114, 116, 117, 119, 120, 122, 123, 130, 131, 133, 134, 141, 149, 150, 158, 159, 161], "summary": {"covered_lines": 17, "num_statements": 17, "percent_covered": 100.0, "percent_covered_display": "100.00", "missing_lines": 0, "excluded_lines": 1, "num_branches": 6, "num_partial_branches": 0, "covered_branches": 6, "missing_branches": 0}, "missing_lines": [], "excluded_lines": [159], "executed_branches": [[122, 123], [122, 130], [133, 134], [133, 141], [149, 150], [149, 161]], "missing_branches": []}, "DataValidator._check_data_quality": {"executed_lines": [165, 171, 173, 174, 175, 178, 179, 180, 181, 184, 185, 186, 187, 190, 191, 192, 194, 195, 196, 199, 200, 202, 203, 204, 206], "summary": {"covered_lines": 24, "num_statements": 24, "percent_covered": 100.0, "percent_covered_display": "100.00", "missing_lines": 0, "excluded_lines": 1, "num_branches": 16, "num_partial_branches": 0, "covered_branches": 16, "missing_branches": 0}, "missing_lines": [], "excluded_lines": [203], "executed_branches": [[174, 175], [174, 178], [178, 179], [178, 184], [180, 178], [180, 181], [184, 185], [184, 190], [186, 184], [186, 187], [191, 192], [191, 194], [195, 196], [195, 199], [199, 200], [199, 206]], "missing_branches": []}, "DataValidator._detect_time_gaps": {"executed_lines": [210, 212, 213, 214, 217, 218, 221, 222, 223, 226, 228, 229, 230, 240], "summary": {"covered_lines": 14, "num_statements": 15, "percent_covered": 91.30434782608695, "percent_covered_display": "91.30", "missing_lines": 1, "excluded_lines": 1, "num_branches": 8, "num_partial_branches": 1, "covered_branches": 7, "missing_branches": 1}, "missing_lines": [237], "excluded_lines": [238], "executed_branches": [[213, 214], [213, 217], [222, 223], [228, 229], [228, 240], [229, 228], [229, 230]], "missing_branches": [[222, 240]]}, "DataValidator.clean_data": {"executed_lines": [253, 255, 257, 258, 259, 260, 261, 262, 265, 268, 269, 271, 274, 275, 276, 277, 278, 280, 281, 285, 287, 291, 292, 293, 295, 298, 300, 301, 302, 304], "summary": {"covered_lines": 27, "num_statements": 27, "percent_covered": 100.0, "percent_covered_display": "100.00", "missing_lines": 0, "excluded_lines": 5, "num_branches": 4, "num_partial_branches": 0, "covered_branches": 4, "missing_branches": 0}, "missing_lines": [], "excluded_lines": [262, 288, 296, 298, 301], "executed_branches": [[257, 258], [257, 265], [269, 271], [269, 291]], "missing_branches": []}, "DataValidator.interpolate_missing_data": {"executed_lines": [321, 323, 324, 326, 327, 329, 330, 331, 332, 333, 334, 335, 337, 338, 339, 342, 343, 344, 345, 351], "summary": {"covered_lines": 18, "num_statements": 20, "percent_covered": 93.75, "percent_covered_display": "93.75", "missing_lines": 2, "excluded_lines": 3, "num_branches": 12, "num_partial_branches": 0, "covered_branches": 12, "missing_branches": 0}, "missing_lines": [347, 349], "excluded_lines": [339, 345, 348], "executed_branches": [[326, 327], [326, 342], [329, 326], [329, 330], [330, 331], [330, 332], [332, 333], [332, 334], [334, 335], [334, 337], [343, 344], [343, 351]], "missing_branches": []}, "": {"executed_lines": [1, 2, 3, 4, 5, 8, 9, 14, 20, 77, 106, 163, 208, 242, 306], "summary": {"covered_lines": 14, "num_statements": 14, "percent_covered": 100.0, "percent_covered_display": "100.00", "missing_lines": 0, "excluded_lines": 0, "num_branches": 0, "num_partial_branches": 0, "covered_branches": 0, "missing_branches": 0}, "missing_lines": [], "excluded_lines": [], "executed_branches": [], "missing_branches": []}}, "classes": {"DataValidator": {"executed_lines": [16, 17, 18, 31, 32, 38, 39, 41, 42, 49, 52, 55, 57, 70, 71, 73, 75, 79, 80, 82, 100, 102, 103, 104, 108, 114, 116, 117, 119, 120, 122, 123, 130, 131, 133, 134, 141, 149, 150, 158, 159, 161, 165, 171, 173, 174, 175, 178, 179, 180, 181, 184, 185, 186, 187, 190, 191, 192, 194, 195, 196, 199, 200, 202, 203, 204, 206, 210, 212, 213, 214, 217, 218, 221, 222, 223, 226, 228, 229, 230, 240, 253, 255, 257, 258, 259, 260, 261, 262, 265, 268, 269, 271, 274, 275, 276, 277, 278, 280, 281, 285, 287, 291, 292, 293, 295, 298, 300, 301, 302, 304, 321, 323, 324, 326, 327, 329, 330, 331, 332, 333, 334, 335, 337, 338, 339, 342, 343, 344, 345, 351], "summary": {"covered_lines": 121, "num_statements": 124, "percent_covered": 97.70114942528735, "percent_covered_display": "97.70", "missing_lines": 3, "excluded_lines": 14, "num_branches": 50, "num_partial_branches": 1, "covered_branches": 49, "missing_branches": 1}, "missing_lines": [237, 347, 349], "excluded_lines": [71, 73, 103, 159, 203, 238, 262, 288, 296, 298, 301, 339, 345, 348], "executed_branches": [[31, 32], [31, 38], [41, 42], [41, 49], [122, 123], [122, 130], [133, 134], [133, 141], [149, 150], [149, 161], [174, 175], [174, 178], [178, 179], [178, 184], [180, 178], [180, 181], [184, 185], [184, 190], [186, 184], [186, 187], [191, 192], [191, 194], [195, 196], [195, 199], [199, 200], [199, 206], [213, 214], [213, 217], [222, 223], [228, 229], [228, 240], [229, 228], [229, 230], [257, 258], [257, 265], [269, 271], [269, 291], [326, 327], [326, 342], [329, 326], [329, 330], [330, 331], [330, 332], [332, 333], [332, 334], [334, 335], [334, 337], [343, 344], [343, 351]], "missing_branches": [[222, 240]]}, "": {"executed_lines": [1, 2, 3, 4, 5, 8, 9, 14, 20, 77, 106, 163, 208, 242, 306], "summary": {"covered_lines": 14, "num_statements": 14, "percent_covered": 100.0, "percent_covered_display": "100.00", "missing_lines": 0, "excluded_lines": 0, "num_branches": 0, "num_partial_branches": 0, "covered_branches": 0, "missing_branches": 0}, "missing_lines": [], "excluded_lines": [], "executed_branches": [], "missing_branches": []}}}}, "totals": {"covered_lines": 5051, "num_statements": 5633, "percent_covered": 86.46736954490858, "percent_covered_display": "86.47", "missing_lines": 582, "excluded_lines": 336, "num_branches": 1860, "num_partial_branches": 328, "covered_branches": 1428, "missing_branches": 432}}